INFO 2025-12-04 14:02:42,564 autoreload Watching for file changes with StatReloader
INFO 2025-12-04 14:17:58,540 autoreload Watching for file changes with StatReloader
INFO 2025-12-04 14:21:19,694 autoreload Watching for file changes with StatReloader
INFO 2025-12-04 14:22:01,674 autoreload Watching for file changes with StatReloader
INFO 2025-12-05 10:47:17,718 autoreload Watching for file changes with StatReloader
INFO 2025-12-05 10:54:48,180 autoreload Watching for file changes with StatReloader
INFO 2025-12-05 10:57:20,338 autoreload Watching for file changes with StatReloader
INFO 2025-12-05 10:57:52,440 autoreload Watching for file changes with StatReloader
INFO 2025-12-05 11:14:53,549 autoreload Watching for file changes with StatReloader
INFO 2025-12-05 11:19:43,306 autoreload Watching for file changes with StatReloader
INFO 2025-12-05 11:20:48,187 autoreload D:\Area de Trabajo Django\metro-vacaciones-system\backend\apps\catalogos\models.py changed, reloading.
INFO 2025-12-05 11:20:55,469 autoreload Watching for file changes with StatReloader
INFO 2025-12-05 11:21:29,169 autoreload D:\Area de Trabajo Django\metro-vacaciones-system\backend\apps\catalogos\models.py changed, reloading.
INFO 2025-12-05 11:21:30,410 autoreload Watching for file changes with StatReloader
INFO 2025-12-05 11:23:54,889 autoreload D:\Area de Trabajo Django\metro-vacaciones-system\backend\apps\catalogos\models.py changed, reloading.
INFO 2025-12-05 11:24:16,681 autoreload Watching for file changes with StatReloader
INFO 2025-12-05 11:35:19,894 autoreload Watching for file changes with StatReloader
INFO 2025-12-05 11:38:14,853 autoreload D:\Area de Trabajo Django\metro-vacaciones-system\backend\apps\auditoria\middleware.py changed, reloading.
INFO 2025-12-05 11:38:16,139 autoreload Watching for file changes with StatReloader
WARNING 2025-12-05 11:38:29,218 log Not Found: /
WARNING 2025-12-05 11:38:29,218 basehttp "GET / HTTP/1.1" 404 2993
WARNING 2025-12-05 11:38:29,321 log Not Found: /favicon.ico
WARNING 2025-12-05 11:38:29,322 basehttp "GET /favicon.ico HTTP/1.1" 404 3044
WARNING 2025-12-05 11:38:38,706 log Not Found: /administración
WARNING 2025-12-05 11:38:38,706 basehttp "GET /administraci%C3%B3n HTTP/1.1" 404 3060
WARNING 2025-12-05 11:38:51,238 log Not Found: /administración
WARNING 2025-12-05 11:38:51,239 basehttp "GET /administraci%C3%B3n HTTP/1.1" 404 3060
WARNING 2025-12-05 11:41:07,762 log Not Found: /
WARNING 2025-12-05 11:41:07,762 basehttp "GET / HTTP/1.1" 404 2993
INFO 2025-12-05 11:41:18,704 basehttp "GET /admin HTTP/1.1" 301 0
INFO 2025-12-05 11:41:18,715 basehttp "GET /admin/ HTTP/1.1" 302 0
INFO 2025-12-05 11:41:18,867 basehttp "GET /admin/login/?next=/admin/ HTTP/1.1" 200 4233
INFO 2025-12-05 11:41:19,083 basehttp "GET /static/admin/js/theme.js HTTP/1.1" 200 1943
INFO 2025-12-05 11:41:19,101 basehttp "GET /static/admin/js/nav_sidebar.js HTTP/1.1" 200 3063
INFO 2025-12-05 11:41:19,117 basehttp "GET /static/admin/css/base.css HTTP/1.1" 200 21207
INFO 2025-12-05 11:41:19,144 basehttp "GET /static/admin/css/dark_mode.css HTTP/1.1" 200 2929
INFO 2025-12-05 11:41:19,162 basehttp "GET /static/admin/css/nav_sidebar.css HTTP/1.1" 200 2694
INFO 2025-12-05 11:41:19,162 basehttp "GET /static/admin/css/responsive.css HTTP/1.1" 200 18533
INFO 2025-12-05 11:41:19,166 basehttp "GET /static/admin/css/login.css HTTP/1.1" 200 958
ERROR 2025-12-05 11:41:35,354 log Internal Server Error: /api/areas/
Traceback (most recent call last):
  File "D:\Area de Trabajo Django\metro-vacaciones-system\backend\venv\Lib\site-packages\rest_framework\views.py", line 497, in dispatch
    self.initial(request, *args, **kwargs)
  File "D:\Area de Trabajo Django\metro-vacaciones-system\backend\venv\Lib\site-packages\rest_framework\views.py", line 415, in initial
    self.check_permissions(request)
  File "D:\Area de Trabajo Django\metro-vacaciones-system\backend\venv\Lib\site-packages\rest_framework\views.py", line 333, in check_permissions
    self.permission_denied(
  File "D:\Area de Trabajo Django\metro-vacaciones-system\backend\venv\Lib\site-packages\rest_framework\views.py", line 174, in permission_denied
    raise exceptions.NotAuthenticated()
rest_framework.exceptions.NotAuthenticated: Las credenciales de autenticación no se proveyeron.

During handling of the above exception, another exception occurred:

Traceback (most recent call last):
  File "D:\Area de Trabajo Django\metro-vacaciones-system\backend\venv\Lib\site-packages\django\utils\module_loading.py", line 30, in import_string
    return cached_import(module_path, class_name)
           ^^^^^^^^^^^^^^^^^^^^^^^^^^^^^^^^^^^^^^
  File "D:\Area de Trabajo Django\metro-vacaciones-system\backend\venv\Lib\site-packages\django\utils\module_loading.py", line 16, in cached_import
    return getattr(module, class_name)
           ^^^^^^^^^^^^^^^^^^^^^^^^^^^
AttributeError: module 'utils.exceptions' has no attribute 'custom_exception_handler'

The above exception was the direct cause of the following exception:

Traceback (most recent call last):
  File "D:\Area de Trabajo Django\metro-vacaciones-system\backend\venv\Lib\site-packages\rest_framework\settings.py", line 177, in import_from_string
    return import_string(val)
           ^^^^^^^^^^^^^^^^^^
  File "D:\Area de Trabajo Django\metro-vacaciones-system\backend\venv\Lib\site-packages\django\utils\module_loading.py", line 32, in import_string
    raise ImportError(
ImportError: Module "utils.exceptions" does not define a "custom_exception_handler" attribute/class

During handling of the above exception, another exception occurred:

Traceback (most recent call last):
  File "D:\Area de Trabajo Django\metro-vacaciones-system\backend\venv\Lib\site-packages\django\core\handlers\exception.py", line 55, in inner
    response = get_response(request)
               ^^^^^^^^^^^^^^^^^^^^^
  File "D:\Area de Trabajo Django\metro-vacaciones-system\backend\venv\Lib\site-packages\django\core\handlers\base.py", line 197, in _get_response
    response = wrapped_callback(request, *callback_args, **callback_kwargs)
               ^^^^^^^^^^^^^^^^^^^^^^^^^^^^^^^^^^^^^^^^^^^^^^^^^^^^^^^^^^^^
  File "D:\Area de Trabajo Django\metro-vacaciones-system\backend\venv\Lib\site-packages\django\views\decorators\csrf.py", line 56, in wrapper_view
    return view_func(*args, **kwargs)
           ^^^^^^^^^^^^^^^^^^^^^^^^^^
  File "D:\Area de Trabajo Django\metro-vacaciones-system\backend\venv\Lib\site-packages\django\views\generic\base.py", line 104, in view
    return self.dispatch(request, *args, **kwargs)
           ^^^^^^^^^^^^^^^^^^^^^^^^^^^^^^^^^^^^^^^
  File "D:\Area de Trabajo Django\metro-vacaciones-system\backend\venv\Lib\site-packages\rest_framework\views.py", line 509, in dispatch
    response = self.handle_exception(exc)
               ^^^^^^^^^^^^^^^^^^^^^^^^^^
  File "D:\Area de Trabajo Django\metro-vacaciones-system\backend\venv\Lib\site-packages\rest_framework\views.py", line 463, in handle_exception
    exception_handler = self.get_exception_handler()
                        ^^^^^^^^^^^^^^^^^^^^^^^^^^^^
  File "D:\Area de Trabajo Django\metro-vacaciones-system\backend\venv\Lib\site-packages\rest_framework\views.py", line 298, in get_exception_handler
    return self.settings.EXCEPTION_HANDLER
           ^^^^^^^^^^^^^^^^^^^^^^^^^^^^^^^
  File "D:\Area de Trabajo Django\metro-vacaciones-system\backend\venv\Lib\site-packages\rest_framework\settings.py", line 225, in __getattr__
    val = perform_import(val, attr)
          ^^^^^^^^^^^^^^^^^^^^^^^^^
  File "D:\Area de Trabajo Django\metro-vacaciones-system\backend\venv\Lib\site-packages\rest_framework\settings.py", line 166, in perform_import
    return import_from_string(val, setting_name)
           ^^^^^^^^^^^^^^^^^^^^^^^^^^^^^^^^^^^^^
  File "D:\Area de Trabajo Django\metro-vacaciones-system\backend\venv\Lib\site-packages\rest_framework\settings.py", line 180, in import_from_string
    raise ImportError(msg)
ImportError: Could not import 'utils.exceptions.custom_exception_handler' for API setting 'EXCEPTION_HANDLER'. ImportError: Module "utils.exceptions" does not define a "custom_exception_handler" attribute/class.
ERROR 2025-12-05 11:41:35,373 basehttp "GET /api/areas/ HTTP/1.1" 500 141155
WARNING 2025-12-05 11:43:36,378 log Not Found: /
WARNING 2025-12-05 11:43:36,379 basehttp "GET / HTTP/1.1" 404 2993
WARNING 2025-12-05 11:43:38,628 log Not Found: /
WARNING 2025-12-05 11:43:38,628 basehttp "GET / HTTP/1.1" 404 2993
INFO 2025-12-05 11:43:44,245 basehttp "GET /admin/ HTTP/1.1" 302 0
INFO 2025-12-05 11:43:44,250 basehttp "GET /admin/login/?next=/admin/ HTTP/1.1" 200 4233
INFO 2025-12-05 12:05:51,278 autoreload Watching for file changes with StatReloader
INFO 2025-12-08 08:25:36,004 autoreload Watching for file changes with StatReloader
WARNING 2025-12-08 08:27:16,271 log Not Found: /
WARNING 2025-12-08 08:27:16,271 basehttp "GET / HTTP/1.1" 404 2993
WARNING 2025-12-08 08:27:16,426 log Not Found: /favicon.ico
WARNING 2025-12-08 08:27:16,427 basehttp "GET /favicon.ico HTTP/1.1" 404 3044
INFO 2025-12-08 08:27:33,055 basehttp "GET /admin/ HTTP/1.1" 302 0
INFO 2025-12-08 08:27:33,525 basehttp "GET /admin/login/?next=/admin/ HTTP/1.1" 200 4233
INFO 2025-12-08 08:27:33,549 basehttp "GET /static/admin/css/base.css HTTP/1.1" 304 0
INFO 2025-12-08 08:27:33,563 basehttp "GET /static/admin/css/dark_mode.css HTTP/1.1" 304 0
INFO 2025-12-08 08:27:33,564 basehttp "GET /static/admin/css/nav_sidebar.css HTTP/1.1" 304 0
INFO 2025-12-08 08:27:33,573 basehttp "GET /static/admin/css/login.css HTTP/1.1" 304 0
INFO 2025-12-08 08:27:33,573 basehttp "GET /static/admin/css/responsive.css HTTP/1.1" 304 0
INFO 2025-12-08 08:27:33,574 basehttp "GET /static/admin/js/theme.js HTTP/1.1" 304 0
INFO 2025-12-08 08:27:33,574 basehttp "GET /static/admin/js/nav_sidebar.js HTTP/1.1" 304 0
INFO 2025-12-08 08:27:45,180 basehttp "GET /admin/ HTTP/1.1" 302 0
INFO 2025-12-08 08:27:45,188 basehttp "GET /admin/login/?next=/admin/ HTTP/1.1" 200 4233
INFO 2025-12-08 08:30:26,435 basehttp "POST /admin/login/?next=/admin/ HTTP/1.1" 200 4485
INFO 2025-12-08 08:30:48,954 basehttp "POST /admin/login/?next=/admin/ HTTP/1.1" 200 4485
INFO 2025-12-08 08:33:50,227 basehttp "POST /admin/login/?next=/admin/ HTTP/1.1" 302 0
INFO 2025-12-08 08:33:52,745 basehttp "GET /admin/ HTTP/1.1" 200 5234
INFO 2025-12-08 08:33:52,871 basehttp "GET /static/admin/css/dashboard.css HTTP/1.1" 200 441
INFO 2025-12-08 08:33:52,882 basehttp "GET /static/admin/img/icon-changelink.svg HTTP/1.1" 200 380
INFO 2025-12-08 08:33:52,882 basehttp "GET /static/admin/img/icon-addlink.svg HTTP/1.1" 200 331
INFO 2025-12-08 09:11:34,732 autoreload Watching for file changes with StatReloader
INFO 2025-12-08 09:21:45,154 autoreload Watching for file changes with StatReloader
WARNING 2025-12-08 09:22:26,745 log Not Found: /
WARNING 2025-12-08 09:22:26,745 basehttp "GET / HTTP/1.1" 404 2993
WARNING 2025-12-08 09:22:41,802 log Not Found: /api/auth
WARNING 2025-12-08 09:22:41,802 basehttp "GET /api/auth HTTP/1.1" 404 3035
WARNING 2025-12-08 09:23:01,026 log Not Found: /api/auth/
WARNING 2025-12-08 09:23:01,029 basehttp "GET /api/auth/ HTTP/1.1" 404 3121
INFO 2025-12-08 09:23:15,633 basehttp "GET /admin/ HTTP/1.1" 200 5234
INFO 2025-12-08 09:23:17,756 basehttp "GET /admin/ HTTP/1.1" 200 5234
INFO 2025-12-08 09:23:24,487 basehttp "GET /admin/ HTTP/1.1" 200 5234
INFO 2025-12-08 09:23:27,018 basehttp "GET /admin/ HTTP/1.1" 200 5234
INFO 2025-12-08 09:33:10,594 autoreload Watching for file changes with StatReloader
ERROR 2025-12-08 09:33:23,740 log Internal Server Error: /api/areas/
Traceback (most recent call last):
  File "D:\Area de Trabajo Django\metro-vacaciones-system\backend\venv\Lib\site-packages\rest_framework\views.py", line 497, in dispatch
    self.initial(request, *args, **kwargs)
  File "D:\Area de Trabajo Django\metro-vacaciones-system\backend\venv\Lib\site-packages\rest_framework\views.py", line 415, in initial
    self.check_permissions(request)
  File "D:\Area de Trabajo Django\metro-vacaciones-system\backend\venv\Lib\site-packages\rest_framework\views.py", line 333, in check_permissions
    self.permission_denied(
  File "D:\Area de Trabajo Django\metro-vacaciones-system\backend\venv\Lib\site-packages\rest_framework\views.py", line 174, in permission_denied
    raise exceptions.NotAuthenticated()
rest_framework.exceptions.NotAuthenticated: Las credenciales de autenticación no se proveyeron.

During handling of the above exception, another exception occurred:

Traceback (most recent call last):
  File "D:\Area de Trabajo Django\metro-vacaciones-system\backend\venv\Lib\site-packages\django\utils\module_loading.py", line 30, in import_string
    return cached_import(module_path, class_name)
           ^^^^^^^^^^^^^^^^^^^^^^^^^^^^^^^^^^^^^^
  File "D:\Area de Trabajo Django\metro-vacaciones-system\backend\venv\Lib\site-packages\django\utils\module_loading.py", line 16, in cached_import
    return getattr(module, class_name)
           ^^^^^^^^^^^^^^^^^^^^^^^^^^^
AttributeError: module 'utils.exceptions' has no attribute 'custom_exception_handler'

The above exception was the direct cause of the following exception:

Traceback (most recent call last):
  File "D:\Area de Trabajo Django\metro-vacaciones-system\backend\venv\Lib\site-packages\rest_framework\settings.py", line 177, in import_from_string
    return import_string(val)
           ^^^^^^^^^^^^^^^^^^
  File "D:\Area de Trabajo Django\metro-vacaciones-system\backend\venv\Lib\site-packages\django\utils\module_loading.py", line 32, in import_string
    raise ImportError(
ImportError: Module "utils.exceptions" does not define a "custom_exception_handler" attribute/class

During handling of the above exception, another exception occurred:

Traceback (most recent call last):
  File "D:\Area de Trabajo Django\metro-vacaciones-system\backend\venv\Lib\site-packages\django\core\handlers\exception.py", line 55, in inner
    response = get_response(request)
               ^^^^^^^^^^^^^^^^^^^^^
  File "D:\Area de Trabajo Django\metro-vacaciones-system\backend\venv\Lib\site-packages\django\core\handlers\base.py", line 197, in _get_response
    response = wrapped_callback(request, *callback_args, **callback_kwargs)
               ^^^^^^^^^^^^^^^^^^^^^^^^^^^^^^^^^^^^^^^^^^^^^^^^^^^^^^^^^^^^
  File "D:\Area de Trabajo Django\metro-vacaciones-system\backend\venv\Lib\site-packages\django\views\decorators\csrf.py", line 56, in wrapper_view
    return view_func(*args, **kwargs)
           ^^^^^^^^^^^^^^^^^^^^^^^^^^
  File "D:\Area de Trabajo Django\metro-vacaciones-system\backend\venv\Lib\site-packages\django\views\generic\base.py", line 104, in view
    return self.dispatch(request, *args, **kwargs)
           ^^^^^^^^^^^^^^^^^^^^^^^^^^^^^^^^^^^^^^^
  File "D:\Area de Trabajo Django\metro-vacaciones-system\backend\venv\Lib\site-packages\rest_framework\views.py", line 509, in dispatch
    response = self.handle_exception(exc)
               ^^^^^^^^^^^^^^^^^^^^^^^^^^
  File "D:\Area de Trabajo Django\metro-vacaciones-system\backend\venv\Lib\site-packages\rest_framework\views.py", line 463, in handle_exception
    exception_handler = self.get_exception_handler()
                        ^^^^^^^^^^^^^^^^^^^^^^^^^^^^
  File "D:\Area de Trabajo Django\metro-vacaciones-system\backend\venv\Lib\site-packages\rest_framework\views.py", line 298, in get_exception_handler
    return self.settings.EXCEPTION_HANDLER
           ^^^^^^^^^^^^^^^^^^^^^^^^^^^^^^^
  File "D:\Area de Trabajo Django\metro-vacaciones-system\backend\venv\Lib\site-packages\rest_framework\settings.py", line 225, in __getattr__
    val = perform_import(val, attr)
          ^^^^^^^^^^^^^^^^^^^^^^^^^
  File "D:\Area de Trabajo Django\metro-vacaciones-system\backend\venv\Lib\site-packages\rest_framework\settings.py", line 166, in perform_import
    return import_from_string(val, setting_name)
           ^^^^^^^^^^^^^^^^^^^^^^^^^^^^^^^^^^^^^
  File "D:\Area de Trabajo Django\metro-vacaciones-system\backend\venv\Lib\site-packages\rest_framework\settings.py", line 180, in import_from_string
    raise ImportError(msg)
ImportError: Could not import 'utils.exceptions.custom_exception_handler' for API setting 'EXCEPTION_HANDLER'. ImportError: Module "utils.exceptions" does not define a "custom_exception_handler" attribute/class.
ERROR 2025-12-08 09:33:23,757 basehttp "GET /api/areas/ HTTP/1.1" 500 141168
WARNING 2025-12-08 09:34:59,726 log Not Found: /api/auth/
WARNING 2025-12-08 09:34:59,726 basehttp "GET /api/auth/ HTTP/1.1" 404 3121
ERROR 2025-12-08 09:36:01,242 log Internal Server Error: /api/configuracion/
Traceback (most recent call last):
  File "D:\Area de Trabajo Django\metro-vacaciones-system\backend\venv\Lib\site-packages\rest_framework\views.py", line 497, in dispatch
    self.initial(request, *args, **kwargs)
  File "D:\Area de Trabajo Django\metro-vacaciones-system\backend\venv\Lib\site-packages\rest_framework\views.py", line 415, in initial
    self.check_permissions(request)
  File "D:\Area de Trabajo Django\metro-vacaciones-system\backend\venv\Lib\site-packages\rest_framework\views.py", line 333, in check_permissions
    self.permission_denied(
  File "D:\Area de Trabajo Django\metro-vacaciones-system\backend\venv\Lib\site-packages\rest_framework\views.py", line 174, in permission_denied
    raise exceptions.NotAuthenticated()
rest_framework.exceptions.NotAuthenticated: Las credenciales de autenticación no se proveyeron.

During handling of the above exception, another exception occurred:

Traceback (most recent call last):
  File "D:\Area de Trabajo Django\metro-vacaciones-system\backend\venv\Lib\site-packages\django\utils\module_loading.py", line 30, in import_string
    return cached_import(module_path, class_name)
           ^^^^^^^^^^^^^^^^^^^^^^^^^^^^^^^^^^^^^^
  File "D:\Area de Trabajo Django\metro-vacaciones-system\backend\venv\Lib\site-packages\django\utils\module_loading.py", line 16, in cached_import
    return getattr(module, class_name)
           ^^^^^^^^^^^^^^^^^^^^^^^^^^^
AttributeError: module 'utils.exceptions' has no attribute 'custom_exception_handler'

The above exception was the direct cause of the following exception:

Traceback (most recent call last):
  File "D:\Area de Trabajo Django\metro-vacaciones-system\backend\venv\Lib\site-packages\rest_framework\settings.py", line 177, in import_from_string
    return import_string(val)
           ^^^^^^^^^^^^^^^^^^
  File "D:\Area de Trabajo Django\metro-vacaciones-system\backend\venv\Lib\site-packages\django\utils\module_loading.py", line 32, in import_string
    raise ImportError(
ImportError: Module "utils.exceptions" does not define a "custom_exception_handler" attribute/class

During handling of the above exception, another exception occurred:

Traceback (most recent call last):
  File "D:\Area de Trabajo Django\metro-vacaciones-system\backend\venv\Lib\site-packages\django\core\handlers\exception.py", line 55, in inner
    response = get_response(request)
               ^^^^^^^^^^^^^^^^^^^^^
  File "D:\Area de Trabajo Django\metro-vacaciones-system\backend\venv\Lib\site-packages\django\core\handlers\base.py", line 197, in _get_response
    response = wrapped_callback(request, *callback_args, **callback_kwargs)
               ^^^^^^^^^^^^^^^^^^^^^^^^^^^^^^^^^^^^^^^^^^^^^^^^^^^^^^^^^^^^
  File "D:\Area de Trabajo Django\metro-vacaciones-system\backend\venv\Lib\site-packages\django\views\decorators\csrf.py", line 56, in wrapper_view
    return view_func(*args, **kwargs)
           ^^^^^^^^^^^^^^^^^^^^^^^^^^
  File "D:\Area de Trabajo Django\metro-vacaciones-system\backend\venv\Lib\site-packages\django\views\generic\base.py", line 104, in view
    return self.dispatch(request, *args, **kwargs)
           ^^^^^^^^^^^^^^^^^^^^^^^^^^^^^^^^^^^^^^^
  File "D:\Area de Trabajo Django\metro-vacaciones-system\backend\venv\Lib\site-packages\rest_framework\views.py", line 509, in dispatch
    response = self.handle_exception(exc)
               ^^^^^^^^^^^^^^^^^^^^^^^^^^
  File "D:\Area de Trabajo Django\metro-vacaciones-system\backend\venv\Lib\site-packages\rest_framework\views.py", line 463, in handle_exception
    exception_handler = self.get_exception_handler()
                        ^^^^^^^^^^^^^^^^^^^^^^^^^^^^
  File "D:\Area de Trabajo Django\metro-vacaciones-system\backend\venv\Lib\site-packages\rest_framework\views.py", line 298, in get_exception_handler
    return self.settings.EXCEPTION_HANDLER
           ^^^^^^^^^^^^^^^^^^^^^^^^^^^^^^^
  File "D:\Area de Trabajo Django\metro-vacaciones-system\backend\venv\Lib\site-packages\rest_framework\settings.py", line 225, in __getattr__
    val = perform_import(val, attr)
          ^^^^^^^^^^^^^^^^^^^^^^^^^
  File "D:\Area de Trabajo Django\metro-vacaciones-system\backend\venv\Lib\site-packages\rest_framework\settings.py", line 166, in perform_import
    return import_from_string(val, setting_name)
           ^^^^^^^^^^^^^^^^^^^^^^^^^^^^^^^^^^^^^
  File "D:\Area de Trabajo Django\metro-vacaciones-system\backend\venv\Lib\site-packages\rest_framework\settings.py", line 180, in import_from_string
    raise ImportError(msg)
ImportError: Could not import 'utils.exceptions.custom_exception_handler' for API setting 'EXCEPTION_HANDLER'. ImportError: Module "utils.exceptions" does not define a "custom_exception_handler" attribute/class.
ERROR 2025-12-08 09:36:01,261 basehttp "GET /api/configuracion/ HTTP/1.1" 500 141685
INFO 2025-12-08 09:43:33,080 autoreload Watching for file changes with StatReloader
INFO 2025-12-08 09:43:45,507 basehttp "GET /admin/ HTTP/1.1" 302 0
INFO 2025-12-08 09:43:45,594 basehttp "GET /admin/login/?next=/admin/ HTTP/1.1" 200 4233
INFO 2025-12-08 09:43:45,789 basehttp "GET /static/admin/css/dark_mode.css HTTP/1.1" 200 2929
INFO 2025-12-08 09:43:45,789 basehttp "GET /static/admin/css/base.css HTTP/1.1" 200 21207
INFO 2025-12-08 09:43:45,795 basehttp "GET /static/admin/css/login.css HTTP/1.1" 200 958
INFO 2025-12-08 09:43:45,798 basehttp "GET /static/admin/js/theme.js HTTP/1.1" 200 1943
INFO 2025-12-08 09:43:45,798 basehttp "GET /static/admin/css/responsive.css HTTP/1.1" 200 18533
INFO 2025-12-08 09:43:45,798 basehttp "GET /static/admin/js/nav_sidebar.js HTTP/1.1" 200 3063
INFO 2025-12-08 09:43:45,851 basehttp "GET /static/admin/css/nav_sidebar.css HTTP/1.1" 200 2694
WARNING 2025-12-08 09:43:45,969 log Not Found: /favicon.ico
WARNING 2025-12-08 09:43:45,970 basehttp "GET /favicon.ico HTTP/1.1" 404 3044
INFO 2025-12-08 11:36:11,857 autoreload Watching for file changes with StatReloader
WARNING 2025-12-08 11:36:25,461 log Not Found: /
WARNING 2025-12-08 11:36:25,461 basehttp "GET / HTTP/1.1" 404 2993
WARNING 2025-12-08 11:36:38,382 log Not Found: /api/auth/
WARNING 2025-12-08 11:36:38,383 basehttp "GET /api/auth/ HTTP/1.1" 404 3121
INFO 2025-12-08 11:36:50,624 basehttp "GET /admin/ HTTP/1.1" 200 5234
ERROR 2025-12-08 11:37:01,976 log Internal Server Error: /api/empleados/
Traceback (most recent call last):
  File "D:\Area de Trabajo Django\metro-vacaciones-system\backend\venv\Lib\site-packages\rest_framework\views.py", line 497, in dispatch
    self.initial(request, *args, **kwargs)
  File "D:\Area de Trabajo Django\metro-vacaciones-system\backend\venv\Lib\site-packages\rest_framework\views.py", line 415, in initial
    self.check_permissions(request)
  File "D:\Area de Trabajo Django\metro-vacaciones-system\backend\venv\Lib\site-packages\rest_framework\views.py", line 333, in check_permissions
    self.permission_denied(
  File "D:\Area de Trabajo Django\metro-vacaciones-system\backend\venv\Lib\site-packages\rest_framework\views.py", line 174, in permission_denied
    raise exceptions.NotAuthenticated()
rest_framework.exceptions.NotAuthenticated: Las credenciales de autenticación no se proveyeron.

During handling of the above exception, another exception occurred:

Traceback (most recent call last):
  File "D:\Area de Trabajo Django\metro-vacaciones-system\backend\venv\Lib\site-packages\django\utils\module_loading.py", line 30, in import_string
    return cached_import(module_path, class_name)
           ^^^^^^^^^^^^^^^^^^^^^^^^^^^^^^^^^^^^^^
  File "D:\Area de Trabajo Django\metro-vacaciones-system\backend\venv\Lib\site-packages\django\utils\module_loading.py", line 16, in cached_import
    return getattr(module, class_name)
           ^^^^^^^^^^^^^^^^^^^^^^^^^^^
AttributeError: module 'utils.exceptions' has no attribute 'custom_exception_handler'

The above exception was the direct cause of the following exception:

Traceback (most recent call last):
  File "D:\Area de Trabajo Django\metro-vacaciones-system\backend\venv\Lib\site-packages\rest_framework\settings.py", line 177, in import_from_string
    return import_string(val)
           ^^^^^^^^^^^^^^^^^^
  File "D:\Area de Trabajo Django\metro-vacaciones-system\backend\venv\Lib\site-packages\django\utils\module_loading.py", line 32, in import_string
    raise ImportError(
ImportError: Module "utils.exceptions" does not define a "custom_exception_handler" attribute/class

During handling of the above exception, another exception occurred:

Traceback (most recent call last):
  File "D:\Area de Trabajo Django\metro-vacaciones-system\backend\venv\Lib\site-packages\django\core\handlers\exception.py", line 55, in inner
    response = get_response(request)
               ^^^^^^^^^^^^^^^^^^^^^
  File "D:\Area de Trabajo Django\metro-vacaciones-system\backend\venv\Lib\site-packages\django\core\handlers\base.py", line 197, in _get_response
    response = wrapped_callback(request, *callback_args, **callback_kwargs)
               ^^^^^^^^^^^^^^^^^^^^^^^^^^^^^^^^^^^^^^^^^^^^^^^^^^^^^^^^^^^^
  File "D:\Area de Trabajo Django\metro-vacaciones-system\backend\venv\Lib\site-packages\django\views\decorators\csrf.py", line 56, in wrapper_view
    return view_func(*args, **kwargs)
           ^^^^^^^^^^^^^^^^^^^^^^^^^^
  File "D:\Area de Trabajo Django\metro-vacaciones-system\backend\venv\Lib\site-packages\django\views\generic\base.py", line 104, in view
    return self.dispatch(request, *args, **kwargs)
           ^^^^^^^^^^^^^^^^^^^^^^^^^^^^^^^^^^^^^^^
  File "D:\Area de Trabajo Django\metro-vacaciones-system\backend\venv\Lib\site-packages\rest_framework\views.py", line 509, in dispatch
    response = self.handle_exception(exc)
               ^^^^^^^^^^^^^^^^^^^^^^^^^^
  File "D:\Area de Trabajo Django\metro-vacaciones-system\backend\venv\Lib\site-packages\rest_framework\views.py", line 463, in handle_exception
    exception_handler = self.get_exception_handler()
                        ^^^^^^^^^^^^^^^^^^^^^^^^^^^^
  File "D:\Area de Trabajo Django\metro-vacaciones-system\backend\venv\Lib\site-packages\rest_framework\views.py", line 298, in get_exception_handler
    return self.settings.EXCEPTION_HANDLER
           ^^^^^^^^^^^^^^^^^^^^^^^^^^^^^^^
  File "D:\Area de Trabajo Django\metro-vacaciones-system\backend\venv\Lib\site-packages\rest_framework\settings.py", line 225, in __getattr__
    val = perform_import(val, attr)
          ^^^^^^^^^^^^^^^^^^^^^^^^^
  File "D:\Area de Trabajo Django\metro-vacaciones-system\backend\venv\Lib\site-packages\rest_framework\settings.py", line 166, in perform_import
    return import_from_string(val, setting_name)
           ^^^^^^^^^^^^^^^^^^^^^^^^^^^^^^^^^^^^^
  File "D:\Area de Trabajo Django\metro-vacaciones-system\backend\venv\Lib\site-packages\rest_framework\settings.py", line 180, in import_from_string
    raise ImportError(msg)
ImportError: Could not import 'utils.exceptions.custom_exception_handler' for API setting 'EXCEPTION_HANDLER'. ImportError: Module "utils.exceptions" does not define a "custom_exception_handler" attribute/class.
ERROR 2025-12-08 11:37:02,006 basehttp "GET /api/empleados/ HTTP/1.1" 500 142114
WARNING 2025-12-08 12:11:00,345 log Not Found: /api/login/
WARNING 2025-12-08 12:11:00,346 basehttp "GET /api/login/ HTTP/1.1" 404 3041
WARNING 2025-12-08 12:11:08,520 log Not Found: /api/auth/
WARNING 2025-12-08 12:11:08,520 basehttp "GET /api/auth/ HTTP/1.1" 404 3121
ERROR 2025-12-08 12:11:14,183 log Internal Server Error: /api/areas/
Traceback (most recent call last):
  File "D:\Area de Trabajo Django\metro-vacaciones-system\backend\venv\Lib\site-packages\rest_framework\views.py", line 497, in dispatch
    self.initial(request, *args, **kwargs)
  File "D:\Area de Trabajo Django\metro-vacaciones-system\backend\venv\Lib\site-packages\rest_framework\views.py", line 415, in initial
    self.check_permissions(request)
  File "D:\Area de Trabajo Django\metro-vacaciones-system\backend\venv\Lib\site-packages\rest_framework\views.py", line 333, in check_permissions
    self.permission_denied(
  File "D:\Area de Trabajo Django\metro-vacaciones-system\backend\venv\Lib\site-packages\rest_framework\views.py", line 174, in permission_denied
    raise exceptions.NotAuthenticated()
rest_framework.exceptions.NotAuthenticated: Las credenciales de autenticación no se proveyeron.

During handling of the above exception, another exception occurred:

Traceback (most recent call last):
  File "D:\Area de Trabajo Django\metro-vacaciones-system\backend\venv\Lib\site-packages\django\utils\module_loading.py", line 30, in import_string
    return cached_import(module_path, class_name)
           ^^^^^^^^^^^^^^^^^^^^^^^^^^^^^^^^^^^^^^
  File "D:\Area de Trabajo Django\metro-vacaciones-system\backend\venv\Lib\site-packages\django\utils\module_loading.py", line 16, in cached_import
    return getattr(module, class_name)
           ^^^^^^^^^^^^^^^^^^^^^^^^^^^
AttributeError: module 'utils.exceptions' has no attribute 'custom_exception_handler'

The above exception was the direct cause of the following exception:

Traceback (most recent call last):
  File "D:\Area de Trabajo Django\metro-vacaciones-system\backend\venv\Lib\site-packages\rest_framework\settings.py", line 177, in import_from_string
    return import_string(val)
           ^^^^^^^^^^^^^^^^^^
  File "D:\Area de Trabajo Django\metro-vacaciones-system\backend\venv\Lib\site-packages\django\utils\module_loading.py", line 32, in import_string
    raise ImportError(
ImportError: Module "utils.exceptions" does not define a "custom_exception_handler" attribute/class

During handling of the above exception, another exception occurred:

Traceback (most recent call last):
  File "D:\Area de Trabajo Django\metro-vacaciones-system\backend\venv\Lib\site-packages\django\core\handlers\exception.py", line 55, in inner
    response = get_response(request)
               ^^^^^^^^^^^^^^^^^^^^^
  File "D:\Area de Trabajo Django\metro-vacaciones-system\backend\venv\Lib\site-packages\django\core\handlers\base.py", line 197, in _get_response
    response = wrapped_callback(request, *callback_args, **callback_kwargs)
               ^^^^^^^^^^^^^^^^^^^^^^^^^^^^^^^^^^^^^^^^^^^^^^^^^^^^^^^^^^^^
  File "D:\Area de Trabajo Django\metro-vacaciones-system\backend\venv\Lib\site-packages\django\views\decorators\csrf.py", line 56, in wrapper_view
    return view_func(*args, **kwargs)
           ^^^^^^^^^^^^^^^^^^^^^^^^^^
  File "D:\Area de Trabajo Django\metro-vacaciones-system\backend\venv\Lib\site-packages\django\views\generic\base.py", line 104, in view
    return self.dispatch(request, *args, **kwargs)
           ^^^^^^^^^^^^^^^^^^^^^^^^^^^^^^^^^^^^^^^
  File "D:\Area de Trabajo Django\metro-vacaciones-system\backend\venv\Lib\site-packages\rest_framework\views.py", line 509, in dispatch
    response = self.handle_exception(exc)
               ^^^^^^^^^^^^^^^^^^^^^^^^^^
  File "D:\Area de Trabajo Django\metro-vacaciones-system\backend\venv\Lib\site-packages\rest_framework\views.py", line 463, in handle_exception
    exception_handler = self.get_exception_handler()
                        ^^^^^^^^^^^^^^^^^^^^^^^^^^^^
  File "D:\Area de Trabajo Django\metro-vacaciones-system\backend\venv\Lib\site-packages\rest_framework\views.py", line 298, in get_exception_handler
    return self.settings.EXCEPTION_HANDLER
           ^^^^^^^^^^^^^^^^^^^^^^^^^^^^^^^
  File "D:\Area de Trabajo Django\metro-vacaciones-system\backend\venv\Lib\site-packages\rest_framework\settings.py", line 225, in __getattr__
    val = perform_import(val, attr)
          ^^^^^^^^^^^^^^^^^^^^^^^^^
  File "D:\Area de Trabajo Django\metro-vacaciones-system\backend\venv\Lib\site-packages\rest_framework\settings.py", line 166, in perform_import
    return import_from_string(val, setting_name)
           ^^^^^^^^^^^^^^^^^^^^^^^^^^^^^^^^^^^^^
  File "D:\Area de Trabajo Django\metro-vacaciones-system\backend\venv\Lib\site-packages\rest_framework\settings.py", line 180, in import_from_string
    raise ImportError(msg)
ImportError: Could not import 'utils.exceptions.custom_exception_handler' for API setting 'EXCEPTION_HANDLER'. ImportError: Module "utils.exceptions" does not define a "custom_exception_handler" attribute/class.
ERROR 2025-12-08 12:11:14,186 basehttp "GET /api/areas/ HTTP/1.1" 500 142290
INFO 2025-12-08 12:21:30,678 basehttp "GET /admin/ HTTP/1.1" 200 5234
ERROR 2025-12-08 12:21:39,649 log Internal Server Error: /api/areas/
Traceback (most recent call last):
  File "D:\Area de Trabajo Django\metro-vacaciones-system\backend\venv\Lib\site-packages\rest_framework\views.py", line 497, in dispatch
    self.initial(request, *args, **kwargs)
  File "D:\Area de Trabajo Django\metro-vacaciones-system\backend\venv\Lib\site-packages\rest_framework\views.py", line 415, in initial
    self.check_permissions(request)
  File "D:\Area de Trabajo Django\metro-vacaciones-system\backend\venv\Lib\site-packages\rest_framework\views.py", line 333, in check_permissions
    self.permission_denied(
  File "D:\Area de Trabajo Django\metro-vacaciones-system\backend\venv\Lib\site-packages\rest_framework\views.py", line 174, in permission_denied
    raise exceptions.NotAuthenticated()
rest_framework.exceptions.NotAuthenticated: Las credenciales de autenticación no se proveyeron.

During handling of the above exception, another exception occurred:

Traceback (most recent call last):
  File "D:\Area de Trabajo Django\metro-vacaciones-system\backend\venv\Lib\site-packages\django\utils\module_loading.py", line 30, in import_string
    return cached_import(module_path, class_name)
           ^^^^^^^^^^^^^^^^^^^^^^^^^^^^^^^^^^^^^^
  File "D:\Area de Trabajo Django\metro-vacaciones-system\backend\venv\Lib\site-packages\django\utils\module_loading.py", line 16, in cached_import
    return getattr(module, class_name)
           ^^^^^^^^^^^^^^^^^^^^^^^^^^^
AttributeError: module 'utils.exceptions' has no attribute 'custom_exception_handler'

The above exception was the direct cause of the following exception:

Traceback (most recent call last):
  File "D:\Area de Trabajo Django\metro-vacaciones-system\backend\venv\Lib\site-packages\rest_framework\settings.py", line 177, in import_from_string
    return import_string(val)
           ^^^^^^^^^^^^^^^^^^
  File "D:\Area de Trabajo Django\metro-vacaciones-system\backend\venv\Lib\site-packages\django\utils\module_loading.py", line 32, in import_string
    raise ImportError(
ImportError: Module "utils.exceptions" does not define a "custom_exception_handler" attribute/class

During handling of the above exception, another exception occurred:

Traceback (most recent call last):
  File "D:\Area de Trabajo Django\metro-vacaciones-system\backend\venv\Lib\site-packages\django\core\handlers\exception.py", line 55, in inner
    response = get_response(request)
               ^^^^^^^^^^^^^^^^^^^^^
  File "D:\Area de Trabajo Django\metro-vacaciones-system\backend\venv\Lib\site-packages\django\core\handlers\base.py", line 197, in _get_response
    response = wrapped_callback(request, *callback_args, **callback_kwargs)
               ^^^^^^^^^^^^^^^^^^^^^^^^^^^^^^^^^^^^^^^^^^^^^^^^^^^^^^^^^^^^
  File "D:\Area de Trabajo Django\metro-vacaciones-system\backend\venv\Lib\site-packages\django\views\decorators\csrf.py", line 56, in wrapper_view
    return view_func(*args, **kwargs)
           ^^^^^^^^^^^^^^^^^^^^^^^^^^
  File "D:\Area de Trabajo Django\metro-vacaciones-system\backend\venv\Lib\site-packages\django\views\generic\base.py", line 104, in view
    return self.dispatch(request, *args, **kwargs)
           ^^^^^^^^^^^^^^^^^^^^^^^^^^^^^^^^^^^^^^^
  File "D:\Area de Trabajo Django\metro-vacaciones-system\backend\venv\Lib\site-packages\rest_framework\views.py", line 509, in dispatch
    response = self.handle_exception(exc)
               ^^^^^^^^^^^^^^^^^^^^^^^^^^
  File "D:\Area de Trabajo Django\metro-vacaciones-system\backend\venv\Lib\site-packages\rest_framework\views.py", line 463, in handle_exception
    exception_handler = self.get_exception_handler()
                        ^^^^^^^^^^^^^^^^^^^^^^^^^^^^
  File "D:\Area de Trabajo Django\metro-vacaciones-system\backend\venv\Lib\site-packages\rest_framework\views.py", line 298, in get_exception_handler
    return self.settings.EXCEPTION_HANDLER
           ^^^^^^^^^^^^^^^^^^^^^^^^^^^^^^^
  File "D:\Area de Trabajo Django\metro-vacaciones-system\backend\venv\Lib\site-packages\rest_framework\settings.py", line 225, in __getattr__
    val = perform_import(val, attr)
          ^^^^^^^^^^^^^^^^^^^^^^^^^
  File "D:\Area de Trabajo Django\metro-vacaciones-system\backend\venv\Lib\site-packages\rest_framework\settings.py", line 166, in perform_import
    return import_from_string(val, setting_name)
           ^^^^^^^^^^^^^^^^^^^^^^^^^^^^^^^^^^^^^
  File "D:\Area de Trabajo Django\metro-vacaciones-system\backend\venv\Lib\site-packages\rest_framework\settings.py", line 180, in import_from_string
    raise ImportError(msg)
ImportError: Could not import 'utils.exceptions.custom_exception_handler' for API setting 'EXCEPTION_HANDLER'. ImportError: Module "utils.exceptions" does not define a "custom_exception_handler" attribute/class.
ERROR 2025-12-08 12:21:39,666 basehttp "GET /api/areas/ HTTP/1.1" 500 142439
ERROR 2025-12-08 12:21:53,061 log Internal Server Error: /api/areas/
Traceback (most recent call last):
  File "D:\Area de Trabajo Django\metro-vacaciones-system\backend\venv\Lib\site-packages\rest_framework\views.py", line 497, in dispatch
    self.initial(request, *args, **kwargs)
  File "D:\Area de Trabajo Django\metro-vacaciones-system\backend\venv\Lib\site-packages\rest_framework\views.py", line 415, in initial
    self.check_permissions(request)
  File "D:\Area de Trabajo Django\metro-vacaciones-system\backend\venv\Lib\site-packages\rest_framework\views.py", line 333, in check_permissions
    self.permission_denied(
  File "D:\Area de Trabajo Django\metro-vacaciones-system\backend\venv\Lib\site-packages\rest_framework\views.py", line 174, in permission_denied
    raise exceptions.NotAuthenticated()
rest_framework.exceptions.NotAuthenticated: Las credenciales de autenticación no se proveyeron.

During handling of the above exception, another exception occurred:

Traceback (most recent call last):
  File "D:\Area de Trabajo Django\metro-vacaciones-system\backend\venv\Lib\site-packages\django\utils\module_loading.py", line 30, in import_string
    return cached_import(module_path, class_name)
           ^^^^^^^^^^^^^^^^^^^^^^^^^^^^^^^^^^^^^^
  File "D:\Area de Trabajo Django\metro-vacaciones-system\backend\venv\Lib\site-packages\django\utils\module_loading.py", line 16, in cached_import
    return getattr(module, class_name)
           ^^^^^^^^^^^^^^^^^^^^^^^^^^^
AttributeError: module 'utils.exceptions' has no attribute 'custom_exception_handler'

The above exception was the direct cause of the following exception:

Traceback (most recent call last):
  File "D:\Area de Trabajo Django\metro-vacaciones-system\backend\venv\Lib\site-packages\rest_framework\settings.py", line 177, in import_from_string
    return import_string(val)
           ^^^^^^^^^^^^^^^^^^
  File "D:\Area de Trabajo Django\metro-vacaciones-system\backend\venv\Lib\site-packages\django\utils\module_loading.py", line 32, in import_string
    raise ImportError(
ImportError: Module "utils.exceptions" does not define a "custom_exception_handler" attribute/class

During handling of the above exception, another exception occurred:

Traceback (most recent call last):
  File "D:\Area de Trabajo Django\metro-vacaciones-system\backend\venv\Lib\site-packages\django\core\handlers\exception.py", line 55, in inner
    response = get_response(request)
               ^^^^^^^^^^^^^^^^^^^^^
  File "D:\Area de Trabajo Django\metro-vacaciones-system\backend\venv\Lib\site-packages\django\core\handlers\base.py", line 197, in _get_response
    response = wrapped_callback(request, *callback_args, **callback_kwargs)
               ^^^^^^^^^^^^^^^^^^^^^^^^^^^^^^^^^^^^^^^^^^^^^^^^^^^^^^^^^^^^
  File "D:\Area de Trabajo Django\metro-vacaciones-system\backend\venv\Lib\site-packages\django\views\decorators\csrf.py", line 56, in wrapper_view
    return view_func(*args, **kwargs)
           ^^^^^^^^^^^^^^^^^^^^^^^^^^
  File "D:\Area de Trabajo Django\metro-vacaciones-system\backend\venv\Lib\site-packages\django\views\generic\base.py", line 104, in view
    return self.dispatch(request, *args, **kwargs)
           ^^^^^^^^^^^^^^^^^^^^^^^^^^^^^^^^^^^^^^^
  File "D:\Area de Trabajo Django\metro-vacaciones-system\backend\venv\Lib\site-packages\rest_framework\views.py", line 509, in dispatch
    response = self.handle_exception(exc)
               ^^^^^^^^^^^^^^^^^^^^^^^^^^
  File "D:\Area de Trabajo Django\metro-vacaciones-system\backend\venv\Lib\site-packages\rest_framework\views.py", line 463, in handle_exception
    exception_handler = self.get_exception_handler()
                        ^^^^^^^^^^^^^^^^^^^^^^^^^^^^
  File "D:\Area de Trabajo Django\metro-vacaciones-system\backend\venv\Lib\site-packages\rest_framework\views.py", line 298, in get_exception_handler
    return self.settings.EXCEPTION_HANDLER
           ^^^^^^^^^^^^^^^^^^^^^^^^^^^^^^^
  File "D:\Area de Trabajo Django\metro-vacaciones-system\backend\venv\Lib\site-packages\rest_framework\settings.py", line 225, in __getattr__
    val = perform_import(val, attr)
          ^^^^^^^^^^^^^^^^^^^^^^^^^
  File "D:\Area de Trabajo Django\metro-vacaciones-system\backend\venv\Lib\site-packages\rest_framework\settings.py", line 166, in perform_import
    return import_from_string(val, setting_name)
           ^^^^^^^^^^^^^^^^^^^^^^^^^^^^^^^^^^^^^
  File "D:\Area de Trabajo Django\metro-vacaciones-system\backend\venv\Lib\site-packages\rest_framework\settings.py", line 180, in import_from_string
    raise ImportError(msg)
ImportError: Could not import 'utils.exceptions.custom_exception_handler' for API setting 'EXCEPTION_HANDLER'. ImportError: Module "utils.exceptions" does not define a "custom_exception_handler" attribute/class.
ERROR 2025-12-08 12:21:53,078 basehttp "GET /api/areas/ HTTP/1.1" 500 142576
ERROR 2025-12-08 12:28:39,319 log Internal Server Error: /api/areas/
Traceback (most recent call last):
  File "D:\Area de Trabajo Django\metro-vacaciones-system\backend\venv\Lib\site-packages\rest_framework\views.py", line 497, in dispatch
    self.initial(request, *args, **kwargs)
  File "D:\Area de Trabajo Django\metro-vacaciones-system\backend\venv\Lib\site-packages\rest_framework\views.py", line 415, in initial
    self.check_permissions(request)
  File "D:\Area de Trabajo Django\metro-vacaciones-system\backend\venv\Lib\site-packages\rest_framework\views.py", line 333, in check_permissions
    self.permission_denied(
  File "D:\Area de Trabajo Django\metro-vacaciones-system\backend\venv\Lib\site-packages\rest_framework\views.py", line 174, in permission_denied
    raise exceptions.NotAuthenticated()
rest_framework.exceptions.NotAuthenticated: Las credenciales de autenticación no se proveyeron.

During handling of the above exception, another exception occurred:

Traceback (most recent call last):
  File "D:\Area de Trabajo Django\metro-vacaciones-system\backend\venv\Lib\site-packages\django\utils\module_loading.py", line 30, in import_string
    return cached_import(module_path, class_name)
           ^^^^^^^^^^^^^^^^^^^^^^^^^^^^^^^^^^^^^^
  File "D:\Area de Trabajo Django\metro-vacaciones-system\backend\venv\Lib\site-packages\django\utils\module_loading.py", line 16, in cached_import
    return getattr(module, class_name)
           ^^^^^^^^^^^^^^^^^^^^^^^^^^^
AttributeError: module 'utils.exceptions' has no attribute 'custom_exception_handler'

The above exception was the direct cause of the following exception:

Traceback (most recent call last):
  File "D:\Area de Trabajo Django\metro-vacaciones-system\backend\venv\Lib\site-packages\rest_framework\settings.py", line 177, in import_from_string
    return import_string(val)
           ^^^^^^^^^^^^^^^^^^
  File "D:\Area de Trabajo Django\metro-vacaciones-system\backend\venv\Lib\site-packages\django\utils\module_loading.py", line 32, in import_string
    raise ImportError(
ImportError: Module "utils.exceptions" does not define a "custom_exception_handler" attribute/class

During handling of the above exception, another exception occurred:

Traceback (most recent call last):
  File "D:\Area de Trabajo Django\metro-vacaciones-system\backend\venv\Lib\site-packages\django\core\handlers\exception.py", line 55, in inner
    response = get_response(request)
               ^^^^^^^^^^^^^^^^^^^^^
  File "D:\Area de Trabajo Django\metro-vacaciones-system\backend\venv\Lib\site-packages\django\core\handlers\base.py", line 197, in _get_response
    response = wrapped_callback(request, *callback_args, **callback_kwargs)
               ^^^^^^^^^^^^^^^^^^^^^^^^^^^^^^^^^^^^^^^^^^^^^^^^^^^^^^^^^^^^
  File "D:\Area de Trabajo Django\metro-vacaciones-system\backend\venv\Lib\site-packages\django\views\decorators\csrf.py", line 56, in wrapper_view
    return view_func(*args, **kwargs)
           ^^^^^^^^^^^^^^^^^^^^^^^^^^
  File "D:\Area de Trabajo Django\metro-vacaciones-system\backend\venv\Lib\site-packages\django\views\generic\base.py", line 104, in view
    return self.dispatch(request, *args, **kwargs)
           ^^^^^^^^^^^^^^^^^^^^^^^^^^^^^^^^^^^^^^^
  File "D:\Area de Trabajo Django\metro-vacaciones-system\backend\venv\Lib\site-packages\rest_framework\views.py", line 509, in dispatch
    response = self.handle_exception(exc)
               ^^^^^^^^^^^^^^^^^^^^^^^^^^
  File "D:\Area de Trabajo Django\metro-vacaciones-system\backend\venv\Lib\site-packages\rest_framework\views.py", line 463, in handle_exception
    exception_handler = self.get_exception_handler()
                        ^^^^^^^^^^^^^^^^^^^^^^^^^^^^
  File "D:\Area de Trabajo Django\metro-vacaciones-system\backend\venv\Lib\site-packages\rest_framework\views.py", line 298, in get_exception_handler
    return self.settings.EXCEPTION_HANDLER
           ^^^^^^^^^^^^^^^^^^^^^^^^^^^^^^^
  File "D:\Area de Trabajo Django\metro-vacaciones-system\backend\venv\Lib\site-packages\rest_framework\settings.py", line 225, in __getattr__
    val = perform_import(val, attr)
          ^^^^^^^^^^^^^^^^^^^^^^^^^
  File "D:\Area de Trabajo Django\metro-vacaciones-system\backend\venv\Lib\site-packages\rest_framework\settings.py", line 166, in perform_import
    return import_from_string(val, setting_name)
           ^^^^^^^^^^^^^^^^^^^^^^^^^^^^^^^^^^^^^
  File "D:\Area de Trabajo Django\metro-vacaciones-system\backend\venv\Lib\site-packages\rest_framework\settings.py", line 180, in import_from_string
    raise ImportError(msg)
ImportError: Could not import 'utils.exceptions.custom_exception_handler' for API setting 'EXCEPTION_HANDLER'. ImportError: Module "utils.exceptions" does not define a "custom_exception_handler" attribute/class.
ERROR 2025-12-08 12:28:39,322 basehttp "GET /api/areas/ HTTP/1.1" 500 142439
ERROR 2025-12-08 12:28:53,632 log Internal Server Error: /api/areas/
Traceback (most recent call last):
  File "D:\Area de Trabajo Django\metro-vacaciones-system\backend\venv\Lib\site-packages\rest_framework\views.py", line 497, in dispatch
    self.initial(request, *args, **kwargs)
  File "D:\Area de Trabajo Django\metro-vacaciones-system\backend\venv\Lib\site-packages\rest_framework\views.py", line 415, in initial
    self.check_permissions(request)
  File "D:\Area de Trabajo Django\metro-vacaciones-system\backend\venv\Lib\site-packages\rest_framework\views.py", line 333, in check_permissions
    self.permission_denied(
  File "D:\Area de Trabajo Django\metro-vacaciones-system\backend\venv\Lib\site-packages\rest_framework\views.py", line 174, in permission_denied
    raise exceptions.NotAuthenticated()
rest_framework.exceptions.NotAuthenticated: Las credenciales de autenticación no se proveyeron.

During handling of the above exception, another exception occurred:

Traceback (most recent call last):
  File "D:\Area de Trabajo Django\metro-vacaciones-system\backend\venv\Lib\site-packages\django\utils\module_loading.py", line 30, in import_string
    return cached_import(module_path, class_name)
           ^^^^^^^^^^^^^^^^^^^^^^^^^^^^^^^^^^^^^^
  File "D:\Area de Trabajo Django\metro-vacaciones-system\backend\venv\Lib\site-packages\django\utils\module_loading.py", line 16, in cached_import
    return getattr(module, class_name)
           ^^^^^^^^^^^^^^^^^^^^^^^^^^^
AttributeError: module 'utils.exceptions' has no attribute 'custom_exception_handler'

The above exception was the direct cause of the following exception:

Traceback (most recent call last):
  File "D:\Area de Trabajo Django\metro-vacaciones-system\backend\venv\Lib\site-packages\rest_framework\settings.py", line 177, in import_from_string
    return import_string(val)
           ^^^^^^^^^^^^^^^^^^
  File "D:\Area de Trabajo Django\metro-vacaciones-system\backend\venv\Lib\site-packages\django\utils\module_loading.py", line 32, in import_string
    raise ImportError(
ImportError: Module "utils.exceptions" does not define a "custom_exception_handler" attribute/class

During handling of the above exception, another exception occurred:

Traceback (most recent call last):
  File "D:\Area de Trabajo Django\metro-vacaciones-system\backend\venv\Lib\site-packages\django\core\handlers\exception.py", line 55, in inner
    response = get_response(request)
               ^^^^^^^^^^^^^^^^^^^^^
  File "D:\Area de Trabajo Django\metro-vacaciones-system\backend\venv\Lib\site-packages\django\core\handlers\base.py", line 197, in _get_response
    response = wrapped_callback(request, *callback_args, **callback_kwargs)
               ^^^^^^^^^^^^^^^^^^^^^^^^^^^^^^^^^^^^^^^^^^^^^^^^^^^^^^^^^^^^
  File "D:\Area de Trabajo Django\metro-vacaciones-system\backend\venv\Lib\site-packages\django\views\decorators\csrf.py", line 56, in wrapper_view
    return view_func(*args, **kwargs)
           ^^^^^^^^^^^^^^^^^^^^^^^^^^
  File "D:\Area de Trabajo Django\metro-vacaciones-system\backend\venv\Lib\site-packages\django\views\generic\base.py", line 104, in view
    return self.dispatch(request, *args, **kwargs)
           ^^^^^^^^^^^^^^^^^^^^^^^^^^^^^^^^^^^^^^^
  File "D:\Area de Trabajo Django\metro-vacaciones-system\backend\venv\Lib\site-packages\rest_framework\views.py", line 509, in dispatch
    response = self.handle_exception(exc)
               ^^^^^^^^^^^^^^^^^^^^^^^^^^
  File "D:\Area de Trabajo Django\metro-vacaciones-system\backend\venv\Lib\site-packages\rest_framework\views.py", line 463, in handle_exception
    exception_handler = self.get_exception_handler()
                        ^^^^^^^^^^^^^^^^^^^^^^^^^^^^
  File "D:\Area de Trabajo Django\metro-vacaciones-system\backend\venv\Lib\site-packages\rest_framework\views.py", line 298, in get_exception_handler
    return self.settings.EXCEPTION_HANDLER
           ^^^^^^^^^^^^^^^^^^^^^^^^^^^^^^^
  File "D:\Area de Trabajo Django\metro-vacaciones-system\backend\venv\Lib\site-packages\rest_framework\settings.py", line 225, in __getattr__
    val = perform_import(val, attr)
          ^^^^^^^^^^^^^^^^^^^^^^^^^
  File "D:\Area de Trabajo Django\metro-vacaciones-system\backend\venv\Lib\site-packages\rest_framework\settings.py", line 166, in perform_import
    return import_from_string(val, setting_name)
           ^^^^^^^^^^^^^^^^^^^^^^^^^^^^^^^^^^^^^
  File "D:\Area de Trabajo Django\metro-vacaciones-system\backend\venv\Lib\site-packages\rest_framework\settings.py", line 180, in import_from_string
    raise ImportError(msg)
ImportError: Could not import 'utils.exceptions.custom_exception_handler' for API setting 'EXCEPTION_HANDLER'. ImportError: Module "utils.exceptions" does not define a "custom_exception_handler" attribute/class.
ERROR 2025-12-08 12:28:53,649 basehttp "GET /api/areas/ HTTP/1.1" 500 142439
ERROR 2025-12-08 12:28:54,581 log Internal Server Error: /api/areas/
Traceback (most recent call last):
  File "D:\Area de Trabajo Django\metro-vacaciones-system\backend\venv\Lib\site-packages\rest_framework\views.py", line 497, in dispatch
    self.initial(request, *args, **kwargs)
  File "D:\Area de Trabajo Django\metro-vacaciones-system\backend\venv\Lib\site-packages\rest_framework\views.py", line 415, in initial
    self.check_permissions(request)
  File "D:\Area de Trabajo Django\metro-vacaciones-system\backend\venv\Lib\site-packages\rest_framework\views.py", line 333, in check_permissions
    self.permission_denied(
  File "D:\Area de Trabajo Django\metro-vacaciones-system\backend\venv\Lib\site-packages\rest_framework\views.py", line 174, in permission_denied
    raise exceptions.NotAuthenticated()
rest_framework.exceptions.NotAuthenticated: Las credenciales de autenticación no se proveyeron.

During handling of the above exception, another exception occurred:

Traceback (most recent call last):
  File "D:\Area de Trabajo Django\metro-vacaciones-system\backend\venv\Lib\site-packages\django\utils\module_loading.py", line 30, in import_string
    return cached_import(module_path, class_name)
           ^^^^^^^^^^^^^^^^^^^^^^^^^^^^^^^^^^^^^^
  File "D:\Area de Trabajo Django\metro-vacaciones-system\backend\venv\Lib\site-packages\django\utils\module_loading.py", line 16, in cached_import
    return getattr(module, class_name)
           ^^^^^^^^^^^^^^^^^^^^^^^^^^^
AttributeError: module 'utils.exceptions' has no attribute 'custom_exception_handler'

The above exception was the direct cause of the following exception:

Traceback (most recent call last):
  File "D:\Area de Trabajo Django\metro-vacaciones-system\backend\venv\Lib\site-packages\rest_framework\settings.py", line 177, in import_from_string
    return import_string(val)
           ^^^^^^^^^^^^^^^^^^
  File "D:\Area de Trabajo Django\metro-vacaciones-system\backend\venv\Lib\site-packages\django\utils\module_loading.py", line 32, in import_string
    raise ImportError(
ImportError: Module "utils.exceptions" does not define a "custom_exception_handler" attribute/class

During handling of the above exception, another exception occurred:

Traceback (most recent call last):
  File "D:\Area de Trabajo Django\metro-vacaciones-system\backend\venv\Lib\site-packages\django\core\handlers\exception.py", line 55, in inner
    response = get_response(request)
               ^^^^^^^^^^^^^^^^^^^^^
  File "D:\Area de Trabajo Django\metro-vacaciones-system\backend\venv\Lib\site-packages\django\core\handlers\base.py", line 197, in _get_response
    response = wrapped_callback(request, *callback_args, **callback_kwargs)
               ^^^^^^^^^^^^^^^^^^^^^^^^^^^^^^^^^^^^^^^^^^^^^^^^^^^^^^^^^^^^
  File "D:\Area de Trabajo Django\metro-vacaciones-system\backend\venv\Lib\site-packages\django\views\decorators\csrf.py", line 56, in wrapper_view
    return view_func(*args, **kwargs)
           ^^^^^^^^^^^^^^^^^^^^^^^^^^
  File "D:\Area de Trabajo Django\metro-vacaciones-system\backend\venv\Lib\site-packages\django\views\generic\base.py", line 104, in view
    return self.dispatch(request, *args, **kwargs)
           ^^^^^^^^^^^^^^^^^^^^^^^^^^^^^^^^^^^^^^^
  File "D:\Area de Trabajo Django\metro-vacaciones-system\backend\venv\Lib\site-packages\rest_framework\views.py", line 509, in dispatch
    response = self.handle_exception(exc)
               ^^^^^^^^^^^^^^^^^^^^^^^^^^
  File "D:\Area de Trabajo Django\metro-vacaciones-system\backend\venv\Lib\site-packages\rest_framework\views.py", line 463, in handle_exception
    exception_handler = self.get_exception_handler()
                        ^^^^^^^^^^^^^^^^^^^^^^^^^^^^
  File "D:\Area de Trabajo Django\metro-vacaciones-system\backend\venv\Lib\site-packages\rest_framework\views.py", line 298, in get_exception_handler
    return self.settings.EXCEPTION_HANDLER
           ^^^^^^^^^^^^^^^^^^^^^^^^^^^^^^^
  File "D:\Area de Trabajo Django\metro-vacaciones-system\backend\venv\Lib\site-packages\rest_framework\settings.py", line 225, in __getattr__
    val = perform_import(val, attr)
          ^^^^^^^^^^^^^^^^^^^^^^^^^
  File "D:\Area de Trabajo Django\metro-vacaciones-system\backend\venv\Lib\site-packages\rest_framework\settings.py", line 166, in perform_import
    return import_from_string(val, setting_name)
           ^^^^^^^^^^^^^^^^^^^^^^^^^^^^^^^^^^^^^
  File "D:\Area de Trabajo Django\metro-vacaciones-system\backend\venv\Lib\site-packages\rest_framework\settings.py", line 180, in import_from_string
    raise ImportError(msg)
ImportError: Could not import 'utils.exceptions.custom_exception_handler' for API setting 'EXCEPTION_HANDLER'. ImportError: Module "utils.exceptions" does not define a "custom_exception_handler" attribute/class.
ERROR 2025-12-08 12:28:54,584 basehttp "GET /api/areas/ HTTP/1.1" 500 142439
ERROR 2025-12-08 12:28:55,700 log Internal Server Error: /api/areas/
Traceback (most recent call last):
  File "D:\Area de Trabajo Django\metro-vacaciones-system\backend\venv\Lib\site-packages\rest_framework\views.py", line 497, in dispatch
    self.initial(request, *args, **kwargs)
  File "D:\Area de Trabajo Django\metro-vacaciones-system\backend\venv\Lib\site-packages\rest_framework\views.py", line 415, in initial
    self.check_permissions(request)
  File "D:\Area de Trabajo Django\metro-vacaciones-system\backend\venv\Lib\site-packages\rest_framework\views.py", line 333, in check_permissions
    self.permission_denied(
  File "D:\Area de Trabajo Django\metro-vacaciones-system\backend\venv\Lib\site-packages\rest_framework\views.py", line 174, in permission_denied
    raise exceptions.NotAuthenticated()
rest_framework.exceptions.NotAuthenticated: Las credenciales de autenticación no se proveyeron.

During handling of the above exception, another exception occurred:

Traceback (most recent call last):
  File "D:\Area de Trabajo Django\metro-vacaciones-system\backend\venv\Lib\site-packages\django\utils\module_loading.py", line 30, in import_string
    return cached_import(module_path, class_name)
           ^^^^^^^^^^^^^^^^^^^^^^^^^^^^^^^^^^^^^^
  File "D:\Area de Trabajo Django\metro-vacaciones-system\backend\venv\Lib\site-packages\django\utils\module_loading.py", line 16, in cached_import
    return getattr(module, class_name)
           ^^^^^^^^^^^^^^^^^^^^^^^^^^^
AttributeError: module 'utils.exceptions' has no attribute 'custom_exception_handler'

The above exception was the direct cause of the following exception:

Traceback (most recent call last):
  File "D:\Area de Trabajo Django\metro-vacaciones-system\backend\venv\Lib\site-packages\rest_framework\settings.py", line 177, in import_from_string
    return import_string(val)
           ^^^^^^^^^^^^^^^^^^
  File "D:\Area de Trabajo Django\metro-vacaciones-system\backend\venv\Lib\site-packages\django\utils\module_loading.py", line 32, in import_string
    raise ImportError(
ImportError: Module "utils.exceptions" does not define a "custom_exception_handler" attribute/class

During handling of the above exception, another exception occurred:

Traceback (most recent call last):
  File "D:\Area de Trabajo Django\metro-vacaciones-system\backend\venv\Lib\site-packages\django\core\handlers\exception.py", line 55, in inner
    response = get_response(request)
               ^^^^^^^^^^^^^^^^^^^^^
  File "D:\Area de Trabajo Django\metro-vacaciones-system\backend\venv\Lib\site-packages\django\core\handlers\base.py", line 197, in _get_response
    response = wrapped_callback(request, *callback_args, **callback_kwargs)
               ^^^^^^^^^^^^^^^^^^^^^^^^^^^^^^^^^^^^^^^^^^^^^^^^^^^^^^^^^^^^
  File "D:\Area de Trabajo Django\metro-vacaciones-system\backend\venv\Lib\site-packages\django\views\decorators\csrf.py", line 56, in wrapper_view
    return view_func(*args, **kwargs)
           ^^^^^^^^^^^^^^^^^^^^^^^^^^
  File "D:\Area de Trabajo Django\metro-vacaciones-system\backend\venv\Lib\site-packages\django\views\generic\base.py", line 104, in view
    return self.dispatch(request, *args, **kwargs)
           ^^^^^^^^^^^^^^^^^^^^^^^^^^^^^^^^^^^^^^^
  File "D:\Area de Trabajo Django\metro-vacaciones-system\backend\venv\Lib\site-packages\rest_framework\views.py", line 509, in dispatch
    response = self.handle_exception(exc)
               ^^^^^^^^^^^^^^^^^^^^^^^^^^
  File "D:\Area de Trabajo Django\metro-vacaciones-system\backend\venv\Lib\site-packages\rest_framework\views.py", line 463, in handle_exception
    exception_handler = self.get_exception_handler()
                        ^^^^^^^^^^^^^^^^^^^^^^^^^^^^
  File "D:\Area de Trabajo Django\metro-vacaciones-system\backend\venv\Lib\site-packages\rest_framework\views.py", line 298, in get_exception_handler
    return self.settings.EXCEPTION_HANDLER
           ^^^^^^^^^^^^^^^^^^^^^^^^^^^^^^^
  File "D:\Area de Trabajo Django\metro-vacaciones-system\backend\venv\Lib\site-packages\rest_framework\settings.py", line 225, in __getattr__
    val = perform_import(val, attr)
          ^^^^^^^^^^^^^^^^^^^^^^^^^
  File "D:\Area de Trabajo Django\metro-vacaciones-system\backend\venv\Lib\site-packages\rest_framework\settings.py", line 166, in perform_import
    return import_from_string(val, setting_name)
           ^^^^^^^^^^^^^^^^^^^^^^^^^^^^^^^^^^^^^
  File "D:\Area de Trabajo Django\metro-vacaciones-system\backend\venv\Lib\site-packages\rest_framework\settings.py", line 180, in import_from_string
    raise ImportError(msg)
ImportError: Could not import 'utils.exceptions.custom_exception_handler' for API setting 'EXCEPTION_HANDLER'. ImportError: Module "utils.exceptions" does not define a "custom_exception_handler" attribute/class.
ERROR 2025-12-08 12:28:55,700 basehttp "GET /api/areas/ HTTP/1.1" 500 142439
ERROR 2025-12-08 12:28:56,541 log Internal Server Error: /api/areas/
Traceback (most recent call last):
  File "D:\Area de Trabajo Django\metro-vacaciones-system\backend\venv\Lib\site-packages\rest_framework\views.py", line 497, in dispatch
    self.initial(request, *args, **kwargs)
  File "D:\Area de Trabajo Django\metro-vacaciones-system\backend\venv\Lib\site-packages\rest_framework\views.py", line 415, in initial
    self.check_permissions(request)
  File "D:\Area de Trabajo Django\metro-vacaciones-system\backend\venv\Lib\site-packages\rest_framework\views.py", line 333, in check_permissions
    self.permission_denied(
  File "D:\Area de Trabajo Django\metro-vacaciones-system\backend\venv\Lib\site-packages\rest_framework\views.py", line 174, in permission_denied
    raise exceptions.NotAuthenticated()
rest_framework.exceptions.NotAuthenticated: Las credenciales de autenticación no se proveyeron.

During handling of the above exception, another exception occurred:

Traceback (most recent call last):
  File "D:\Area de Trabajo Django\metro-vacaciones-system\backend\venv\Lib\site-packages\django\utils\module_loading.py", line 30, in import_string
    return cached_import(module_path, class_name)
           ^^^^^^^^^^^^^^^^^^^^^^^^^^^^^^^^^^^^^^
  File "D:\Area de Trabajo Django\metro-vacaciones-system\backend\venv\Lib\site-packages\django\utils\module_loading.py", line 16, in cached_import
    return getattr(module, class_name)
           ^^^^^^^^^^^^^^^^^^^^^^^^^^^
AttributeError: module 'utils.exceptions' has no attribute 'custom_exception_handler'

The above exception was the direct cause of the following exception:

Traceback (most recent call last):
  File "D:\Area de Trabajo Django\metro-vacaciones-system\backend\venv\Lib\site-packages\rest_framework\settings.py", line 177, in import_from_string
    return import_string(val)
           ^^^^^^^^^^^^^^^^^^
  File "D:\Area de Trabajo Django\metro-vacaciones-system\backend\venv\Lib\site-packages\django\utils\module_loading.py", line 32, in import_string
    raise ImportError(
ImportError: Module "utils.exceptions" does not define a "custom_exception_handler" attribute/class

During handling of the above exception, another exception occurred:

Traceback (most recent call last):
  File "D:\Area de Trabajo Django\metro-vacaciones-system\backend\venv\Lib\site-packages\django\core\handlers\exception.py", line 55, in inner
    response = get_response(request)
               ^^^^^^^^^^^^^^^^^^^^^
  File "D:\Area de Trabajo Django\metro-vacaciones-system\backend\venv\Lib\site-packages\django\core\handlers\base.py", line 197, in _get_response
    response = wrapped_callback(request, *callback_args, **callback_kwargs)
               ^^^^^^^^^^^^^^^^^^^^^^^^^^^^^^^^^^^^^^^^^^^^^^^^^^^^^^^^^^^^
  File "D:\Area de Trabajo Django\metro-vacaciones-system\backend\venv\Lib\site-packages\django\views\decorators\csrf.py", line 56, in wrapper_view
    return view_func(*args, **kwargs)
           ^^^^^^^^^^^^^^^^^^^^^^^^^^
  File "D:\Area de Trabajo Django\metro-vacaciones-system\backend\venv\Lib\site-packages\django\views\generic\base.py", line 104, in view
    return self.dispatch(request, *args, **kwargs)
           ^^^^^^^^^^^^^^^^^^^^^^^^^^^^^^^^^^^^^^^
  File "D:\Area de Trabajo Django\metro-vacaciones-system\backend\venv\Lib\site-packages\rest_framework\views.py", line 509, in dispatch
    response = self.handle_exception(exc)
               ^^^^^^^^^^^^^^^^^^^^^^^^^^
  File "D:\Area de Trabajo Django\metro-vacaciones-system\backend\venv\Lib\site-packages\rest_framework\views.py", line 463, in handle_exception
    exception_handler = self.get_exception_handler()
                        ^^^^^^^^^^^^^^^^^^^^^^^^^^^^
  File "D:\Area de Trabajo Django\metro-vacaciones-system\backend\venv\Lib\site-packages\rest_framework\views.py", line 298, in get_exception_handler
    return self.settings.EXCEPTION_HANDLER
           ^^^^^^^^^^^^^^^^^^^^^^^^^^^^^^^
  File "D:\Area de Trabajo Django\metro-vacaciones-system\backend\venv\Lib\site-packages\rest_framework\settings.py", line 225, in __getattr__
    val = perform_import(val, attr)
          ^^^^^^^^^^^^^^^^^^^^^^^^^
  File "D:\Area de Trabajo Django\metro-vacaciones-system\backend\venv\Lib\site-packages\rest_framework\settings.py", line 166, in perform_import
    return import_from_string(val, setting_name)
           ^^^^^^^^^^^^^^^^^^^^^^^^^^^^^^^^^^^^^
  File "D:\Area de Trabajo Django\metro-vacaciones-system\backend\venv\Lib\site-packages\rest_framework\settings.py", line 180, in import_from_string
    raise ImportError(msg)
ImportError: Could not import 'utils.exceptions.custom_exception_handler' for API setting 'EXCEPTION_HANDLER'. ImportError: Module "utils.exceptions" does not define a "custom_exception_handler" attribute/class.
ERROR 2025-12-08 12:28:56,551 basehttp "GET /api/areas/ HTTP/1.1" 500 142439
ERROR 2025-12-08 12:29:50,728 log Internal Server Error: /api/areas/
Traceback (most recent call last):
  File "D:\Area de Trabajo Django\metro-vacaciones-system\backend\venv\Lib\site-packages\rest_framework\views.py", line 497, in dispatch
    self.initial(request, *args, **kwargs)
  File "D:\Area de Trabajo Django\metro-vacaciones-system\backend\venv\Lib\site-packages\rest_framework\views.py", line 415, in initial
    self.check_permissions(request)
  File "D:\Area de Trabajo Django\metro-vacaciones-system\backend\venv\Lib\site-packages\rest_framework\views.py", line 333, in check_permissions
    self.permission_denied(
  File "D:\Area de Trabajo Django\metro-vacaciones-system\backend\venv\Lib\site-packages\rest_framework\views.py", line 174, in permission_denied
    raise exceptions.NotAuthenticated()
rest_framework.exceptions.NotAuthenticated: Las credenciales de autenticación no se proveyeron.

During handling of the above exception, another exception occurred:

Traceback (most recent call last):
  File "D:\Area de Trabajo Django\metro-vacaciones-system\backend\venv\Lib\site-packages\django\utils\module_loading.py", line 30, in import_string
    return cached_import(module_path, class_name)
           ^^^^^^^^^^^^^^^^^^^^^^^^^^^^^^^^^^^^^^
  File "D:\Area de Trabajo Django\metro-vacaciones-system\backend\venv\Lib\site-packages\django\utils\module_loading.py", line 16, in cached_import
    return getattr(module, class_name)
           ^^^^^^^^^^^^^^^^^^^^^^^^^^^
AttributeError: module 'utils.exceptions' has no attribute 'custom_exception_handler'

The above exception was the direct cause of the following exception:

Traceback (most recent call last):
  File "D:\Area de Trabajo Django\metro-vacaciones-system\backend\venv\Lib\site-packages\rest_framework\settings.py", line 177, in import_from_string
    return import_string(val)
           ^^^^^^^^^^^^^^^^^^
  File "D:\Area de Trabajo Django\metro-vacaciones-system\backend\venv\Lib\site-packages\django\utils\module_loading.py", line 32, in import_string
    raise ImportError(
ImportError: Module "utils.exceptions" does not define a "custom_exception_handler" attribute/class

During handling of the above exception, another exception occurred:

Traceback (most recent call last):
  File "D:\Area de Trabajo Django\metro-vacaciones-system\backend\venv\Lib\site-packages\django\core\handlers\exception.py", line 55, in inner
    response = get_response(request)
               ^^^^^^^^^^^^^^^^^^^^^
  File "D:\Area de Trabajo Django\metro-vacaciones-system\backend\venv\Lib\site-packages\django\core\handlers\base.py", line 197, in _get_response
    response = wrapped_callback(request, *callback_args, **callback_kwargs)
               ^^^^^^^^^^^^^^^^^^^^^^^^^^^^^^^^^^^^^^^^^^^^^^^^^^^^^^^^^^^^
  File "D:\Area de Trabajo Django\metro-vacaciones-system\backend\venv\Lib\site-packages\django\views\decorators\csrf.py", line 56, in wrapper_view
    return view_func(*args, **kwargs)
           ^^^^^^^^^^^^^^^^^^^^^^^^^^
  File "D:\Area de Trabajo Django\metro-vacaciones-system\backend\venv\Lib\site-packages\django\views\generic\base.py", line 104, in view
    return self.dispatch(request, *args, **kwargs)
           ^^^^^^^^^^^^^^^^^^^^^^^^^^^^^^^^^^^^^^^
  File "D:\Area de Trabajo Django\metro-vacaciones-system\backend\venv\Lib\site-packages\rest_framework\views.py", line 509, in dispatch
    response = self.handle_exception(exc)
               ^^^^^^^^^^^^^^^^^^^^^^^^^^
  File "D:\Area de Trabajo Django\metro-vacaciones-system\backend\venv\Lib\site-packages\rest_framework\views.py", line 463, in handle_exception
    exception_handler = self.get_exception_handler()
                        ^^^^^^^^^^^^^^^^^^^^^^^^^^^^
  File "D:\Area de Trabajo Django\metro-vacaciones-system\backend\venv\Lib\site-packages\rest_framework\views.py", line 298, in get_exception_handler
    return self.settings.EXCEPTION_HANDLER
           ^^^^^^^^^^^^^^^^^^^^^^^^^^^^^^^
  File "D:\Area de Trabajo Django\metro-vacaciones-system\backend\venv\Lib\site-packages\rest_framework\settings.py", line 225, in __getattr__
    val = perform_import(val, attr)
          ^^^^^^^^^^^^^^^^^^^^^^^^^
  File "D:\Area de Trabajo Django\metro-vacaciones-system\backend\venv\Lib\site-packages\rest_framework\settings.py", line 166, in perform_import
    return import_from_string(val, setting_name)
           ^^^^^^^^^^^^^^^^^^^^^^^^^^^^^^^^^^^^^
  File "D:\Area de Trabajo Django\metro-vacaciones-system\backend\venv\Lib\site-packages\rest_framework\settings.py", line 180, in import_from_string
    raise ImportError(msg)
ImportError: Could not import 'utils.exceptions.custom_exception_handler' for API setting 'EXCEPTION_HANDLER'. ImportError: Module "utils.exceptions" does not define a "custom_exception_handler" attribute/class.
ERROR 2025-12-08 12:29:50,731 basehttp "GET /api/areas/ HTTP/1.1" 500 142439
ERROR 2025-12-08 12:29:51,463 log Internal Server Error: /api/areas/
Traceback (most recent call last):
  File "D:\Area de Trabajo Django\metro-vacaciones-system\backend\venv\Lib\site-packages\rest_framework\views.py", line 497, in dispatch
    self.initial(request, *args, **kwargs)
  File "D:\Area de Trabajo Django\metro-vacaciones-system\backend\venv\Lib\site-packages\rest_framework\views.py", line 415, in initial
    self.check_permissions(request)
  File "D:\Area de Trabajo Django\metro-vacaciones-system\backend\venv\Lib\site-packages\rest_framework\views.py", line 333, in check_permissions
    self.permission_denied(
  File "D:\Area de Trabajo Django\metro-vacaciones-system\backend\venv\Lib\site-packages\rest_framework\views.py", line 174, in permission_denied
    raise exceptions.NotAuthenticated()
rest_framework.exceptions.NotAuthenticated: Las credenciales de autenticación no se proveyeron.

During handling of the above exception, another exception occurred:

Traceback (most recent call last):
  File "D:\Area de Trabajo Django\metro-vacaciones-system\backend\venv\Lib\site-packages\django\utils\module_loading.py", line 30, in import_string
    return cached_import(module_path, class_name)
           ^^^^^^^^^^^^^^^^^^^^^^^^^^^^^^^^^^^^^^
  File "D:\Area de Trabajo Django\metro-vacaciones-system\backend\venv\Lib\site-packages\django\utils\module_loading.py", line 16, in cached_import
    return getattr(module, class_name)
           ^^^^^^^^^^^^^^^^^^^^^^^^^^^
AttributeError: module 'utils.exceptions' has no attribute 'custom_exception_handler'

The above exception was the direct cause of the following exception:

Traceback (most recent call last):
  File "D:\Area de Trabajo Django\metro-vacaciones-system\backend\venv\Lib\site-packages\rest_framework\settings.py", line 177, in import_from_string
    return import_string(val)
           ^^^^^^^^^^^^^^^^^^
  File "D:\Area de Trabajo Django\metro-vacaciones-system\backend\venv\Lib\site-packages\django\utils\module_loading.py", line 32, in import_string
    raise ImportError(
ImportError: Module "utils.exceptions" does not define a "custom_exception_handler" attribute/class

During handling of the above exception, another exception occurred:

Traceback (most recent call last):
  File "D:\Area de Trabajo Django\metro-vacaciones-system\backend\venv\Lib\site-packages\django\core\handlers\exception.py", line 55, in inner
    response = get_response(request)
               ^^^^^^^^^^^^^^^^^^^^^
  File "D:\Area de Trabajo Django\metro-vacaciones-system\backend\venv\Lib\site-packages\django\core\handlers\base.py", line 197, in _get_response
    response = wrapped_callback(request, *callback_args, **callback_kwargs)
               ^^^^^^^^^^^^^^^^^^^^^^^^^^^^^^^^^^^^^^^^^^^^^^^^^^^^^^^^^^^^
  File "D:\Area de Trabajo Django\metro-vacaciones-system\backend\venv\Lib\site-packages\django\views\decorators\csrf.py", line 56, in wrapper_view
    return view_func(*args, **kwargs)
           ^^^^^^^^^^^^^^^^^^^^^^^^^^
  File "D:\Area de Trabajo Django\metro-vacaciones-system\backend\venv\Lib\site-packages\django\views\generic\base.py", line 104, in view
    return self.dispatch(request, *args, **kwargs)
           ^^^^^^^^^^^^^^^^^^^^^^^^^^^^^^^^^^^^^^^
  File "D:\Area de Trabajo Django\metro-vacaciones-system\backend\venv\Lib\site-packages\rest_framework\views.py", line 509, in dispatch
    response = self.handle_exception(exc)
               ^^^^^^^^^^^^^^^^^^^^^^^^^^
  File "D:\Area de Trabajo Django\metro-vacaciones-system\backend\venv\Lib\site-packages\rest_framework\views.py", line 463, in handle_exception
    exception_handler = self.get_exception_handler()
                        ^^^^^^^^^^^^^^^^^^^^^^^^^^^^
  File "D:\Area de Trabajo Django\metro-vacaciones-system\backend\venv\Lib\site-packages\rest_framework\views.py", line 298, in get_exception_handler
    return self.settings.EXCEPTION_HANDLER
           ^^^^^^^^^^^^^^^^^^^^^^^^^^^^^^^
  File "D:\Area de Trabajo Django\metro-vacaciones-system\backend\venv\Lib\site-packages\rest_framework\settings.py", line 225, in __getattr__
    val = perform_import(val, attr)
          ^^^^^^^^^^^^^^^^^^^^^^^^^
  File "D:\Area de Trabajo Django\metro-vacaciones-system\backend\venv\Lib\site-packages\rest_framework\settings.py", line 166, in perform_import
    return import_from_string(val, setting_name)
           ^^^^^^^^^^^^^^^^^^^^^^^^^^^^^^^^^^^^^
  File "D:\Area de Trabajo Django\metro-vacaciones-system\backend\venv\Lib\site-packages\rest_framework\settings.py", line 180, in import_from_string
    raise ImportError(msg)
ImportError: Could not import 'utils.exceptions.custom_exception_handler' for API setting 'EXCEPTION_HANDLER'. ImportError: Module "utils.exceptions" does not define a "custom_exception_handler" attribute/class.
ERROR 2025-12-08 12:29:51,463 basehttp "GET /api/areas/ HTTP/1.1" 500 142439
ERROR 2025-12-08 12:29:52,096 log Internal Server Error: /api/areas/
Traceback (most recent call last):
  File "D:\Area de Trabajo Django\metro-vacaciones-system\backend\venv\Lib\site-packages\rest_framework\views.py", line 497, in dispatch
    self.initial(request, *args, **kwargs)
  File "D:\Area de Trabajo Django\metro-vacaciones-system\backend\venv\Lib\site-packages\rest_framework\views.py", line 415, in initial
    self.check_permissions(request)
  File "D:\Area de Trabajo Django\metro-vacaciones-system\backend\venv\Lib\site-packages\rest_framework\views.py", line 333, in check_permissions
    self.permission_denied(
  File "D:\Area de Trabajo Django\metro-vacaciones-system\backend\venv\Lib\site-packages\rest_framework\views.py", line 174, in permission_denied
    raise exceptions.NotAuthenticated()
rest_framework.exceptions.NotAuthenticated: Las credenciales de autenticación no se proveyeron.

During handling of the above exception, another exception occurred:

Traceback (most recent call last):
  File "D:\Area de Trabajo Django\metro-vacaciones-system\backend\venv\Lib\site-packages\django\utils\module_loading.py", line 30, in import_string
    return cached_import(module_path, class_name)
           ^^^^^^^^^^^^^^^^^^^^^^^^^^^^^^^^^^^^^^
  File "D:\Area de Trabajo Django\metro-vacaciones-system\backend\venv\Lib\site-packages\django\utils\module_loading.py", line 16, in cached_import
    return getattr(module, class_name)
           ^^^^^^^^^^^^^^^^^^^^^^^^^^^
AttributeError: module 'utils.exceptions' has no attribute 'custom_exception_handler'

The above exception was the direct cause of the following exception:

Traceback (most recent call last):
  File "D:\Area de Trabajo Django\metro-vacaciones-system\backend\venv\Lib\site-packages\rest_framework\settings.py", line 177, in import_from_string
    return import_string(val)
           ^^^^^^^^^^^^^^^^^^
  File "D:\Area de Trabajo Django\metro-vacaciones-system\backend\venv\Lib\site-packages\django\utils\module_loading.py", line 32, in import_string
    raise ImportError(
ImportError: Module "utils.exceptions" does not define a "custom_exception_handler" attribute/class

During handling of the above exception, another exception occurred:

Traceback (most recent call last):
  File "D:\Area de Trabajo Django\metro-vacaciones-system\backend\venv\Lib\site-packages\django\core\handlers\exception.py", line 55, in inner
    response = get_response(request)
               ^^^^^^^^^^^^^^^^^^^^^
  File "D:\Area de Trabajo Django\metro-vacaciones-system\backend\venv\Lib\site-packages\django\core\handlers\base.py", line 197, in _get_response
    response = wrapped_callback(request, *callback_args, **callback_kwargs)
               ^^^^^^^^^^^^^^^^^^^^^^^^^^^^^^^^^^^^^^^^^^^^^^^^^^^^^^^^^^^^
  File "D:\Area de Trabajo Django\metro-vacaciones-system\backend\venv\Lib\site-packages\django\views\decorators\csrf.py", line 56, in wrapper_view
    return view_func(*args, **kwargs)
           ^^^^^^^^^^^^^^^^^^^^^^^^^^
  File "D:\Area de Trabajo Django\metro-vacaciones-system\backend\venv\Lib\site-packages\django\views\generic\base.py", line 104, in view
    return self.dispatch(request, *args, **kwargs)
           ^^^^^^^^^^^^^^^^^^^^^^^^^^^^^^^^^^^^^^^
  File "D:\Area de Trabajo Django\metro-vacaciones-system\backend\venv\Lib\site-packages\rest_framework\views.py", line 509, in dispatch
    response = self.handle_exception(exc)
               ^^^^^^^^^^^^^^^^^^^^^^^^^^
  File "D:\Area de Trabajo Django\metro-vacaciones-system\backend\venv\Lib\site-packages\rest_framework\views.py", line 463, in handle_exception
    exception_handler = self.get_exception_handler()
                        ^^^^^^^^^^^^^^^^^^^^^^^^^^^^
  File "D:\Area de Trabajo Django\metro-vacaciones-system\backend\venv\Lib\site-packages\rest_framework\views.py", line 298, in get_exception_handler
    return self.settings.EXCEPTION_HANDLER
           ^^^^^^^^^^^^^^^^^^^^^^^^^^^^^^^
  File "D:\Area de Trabajo Django\metro-vacaciones-system\backend\venv\Lib\site-packages\rest_framework\settings.py", line 225, in __getattr__
    val = perform_import(val, attr)
          ^^^^^^^^^^^^^^^^^^^^^^^^^
  File "D:\Area de Trabajo Django\metro-vacaciones-system\backend\venv\Lib\site-packages\rest_framework\settings.py", line 166, in perform_import
    return import_from_string(val, setting_name)
           ^^^^^^^^^^^^^^^^^^^^^^^^^^^^^^^^^^^^^
  File "D:\Area de Trabajo Django\metro-vacaciones-system\backend\venv\Lib\site-packages\rest_framework\settings.py", line 180, in import_from_string
    raise ImportError(msg)
ImportError: Could not import 'utils.exceptions.custom_exception_handler' for API setting 'EXCEPTION_HANDLER'. ImportError: Module "utils.exceptions" does not define a "custom_exception_handler" attribute/class.
ERROR 2025-12-08 12:29:52,096 basehttp "GET /api/areas/ HTTP/1.1" 500 142439
ERROR 2025-12-08 12:29:52,798 log Internal Server Error: /api/areas/
Traceback (most recent call last):
  File "D:\Area de Trabajo Django\metro-vacaciones-system\backend\venv\Lib\site-packages\rest_framework\views.py", line 497, in dispatch
    self.initial(request, *args, **kwargs)
  File "D:\Area de Trabajo Django\metro-vacaciones-system\backend\venv\Lib\site-packages\rest_framework\views.py", line 415, in initial
    self.check_permissions(request)
  File "D:\Area de Trabajo Django\metro-vacaciones-system\backend\venv\Lib\site-packages\rest_framework\views.py", line 333, in check_permissions
    self.permission_denied(
  File "D:\Area de Trabajo Django\metro-vacaciones-system\backend\venv\Lib\site-packages\rest_framework\views.py", line 174, in permission_denied
    raise exceptions.NotAuthenticated()
rest_framework.exceptions.NotAuthenticated: Las credenciales de autenticación no se proveyeron.

During handling of the above exception, another exception occurred:

Traceback (most recent call last):
  File "D:\Area de Trabajo Django\metro-vacaciones-system\backend\venv\Lib\site-packages\django\utils\module_loading.py", line 30, in import_string
    return cached_import(module_path, class_name)
           ^^^^^^^^^^^^^^^^^^^^^^^^^^^^^^^^^^^^^^
  File "D:\Area de Trabajo Django\metro-vacaciones-system\backend\venv\Lib\site-packages\django\utils\module_loading.py", line 16, in cached_import
    return getattr(module, class_name)
           ^^^^^^^^^^^^^^^^^^^^^^^^^^^
AttributeError: module 'utils.exceptions' has no attribute 'custom_exception_handler'

The above exception was the direct cause of the following exception:

Traceback (most recent call last):
  File "D:\Area de Trabajo Django\metro-vacaciones-system\backend\venv\Lib\site-packages\rest_framework\settings.py", line 177, in import_from_string
    return import_string(val)
           ^^^^^^^^^^^^^^^^^^
  File "D:\Area de Trabajo Django\metro-vacaciones-system\backend\venv\Lib\site-packages\django\utils\module_loading.py", line 32, in import_string
    raise ImportError(
ImportError: Module "utils.exceptions" does not define a "custom_exception_handler" attribute/class

During handling of the above exception, another exception occurred:

Traceback (most recent call last):
  File "D:\Area de Trabajo Django\metro-vacaciones-system\backend\venv\Lib\site-packages\django\core\handlers\exception.py", line 55, in inner
    response = get_response(request)
               ^^^^^^^^^^^^^^^^^^^^^
  File "D:\Area de Trabajo Django\metro-vacaciones-system\backend\venv\Lib\site-packages\django\core\handlers\base.py", line 197, in _get_response
    response = wrapped_callback(request, *callback_args, **callback_kwargs)
               ^^^^^^^^^^^^^^^^^^^^^^^^^^^^^^^^^^^^^^^^^^^^^^^^^^^^^^^^^^^^
  File "D:\Area de Trabajo Django\metro-vacaciones-system\backend\venv\Lib\site-packages\django\views\decorators\csrf.py", line 56, in wrapper_view
    return view_func(*args, **kwargs)
           ^^^^^^^^^^^^^^^^^^^^^^^^^^
  File "D:\Area de Trabajo Django\metro-vacaciones-system\backend\venv\Lib\site-packages\django\views\generic\base.py", line 104, in view
    return self.dispatch(request, *args, **kwargs)
           ^^^^^^^^^^^^^^^^^^^^^^^^^^^^^^^^^^^^^^^
  File "D:\Area de Trabajo Django\metro-vacaciones-system\backend\venv\Lib\site-packages\rest_framework\views.py", line 509, in dispatch
    response = self.handle_exception(exc)
               ^^^^^^^^^^^^^^^^^^^^^^^^^^
  File "D:\Area de Trabajo Django\metro-vacaciones-system\backend\venv\Lib\site-packages\rest_framework\views.py", line 463, in handle_exception
    exception_handler = self.get_exception_handler()
                        ^^^^^^^^^^^^^^^^^^^^^^^^^^^^
  File "D:\Area de Trabajo Django\metro-vacaciones-system\backend\venv\Lib\site-packages\rest_framework\views.py", line 298, in get_exception_handler
    return self.settings.EXCEPTION_HANDLER
           ^^^^^^^^^^^^^^^^^^^^^^^^^^^^^^^
  File "D:\Area de Trabajo Django\metro-vacaciones-system\backend\venv\Lib\site-packages\rest_framework\settings.py", line 225, in __getattr__
    val = perform_import(val, attr)
          ^^^^^^^^^^^^^^^^^^^^^^^^^
  File "D:\Area de Trabajo Django\metro-vacaciones-system\backend\venv\Lib\site-packages\rest_framework\settings.py", line 166, in perform_import
    return import_from_string(val, setting_name)
           ^^^^^^^^^^^^^^^^^^^^^^^^^^^^^^^^^^^^^
  File "D:\Area de Trabajo Django\metro-vacaciones-system\backend\venv\Lib\site-packages\rest_framework\settings.py", line 180, in import_from_string
    raise ImportError(msg)
ImportError: Could not import 'utils.exceptions.custom_exception_handler' for API setting 'EXCEPTION_HANDLER'. ImportError: Module "utils.exceptions" does not define a "custom_exception_handler" attribute/class.
ERROR 2025-12-08 12:29:52,815 basehttp "GET /api/areas/ HTTP/1.1" 500 142439
WARNING 2025-12-08 12:33:41,514 log Not Found: /
WARNING 2025-12-08 12:33:41,514 basehttp "GET / HTTP/1.1" 404 2993
WARNING 2025-12-08 12:37:09,572 log Not Found: /app/login/
WARNING 2025-12-08 12:37:09,573 basehttp "GET /app/login/ HTTP/1.1" 404 3041
WARNING 2025-12-08 12:41:01,432 log Not Found: /api/docs/
WARNING 2025-12-08 12:41:01,433 basehttp "GET /api/docs/ HTTP/1.1" 404 3038
WARNING 2025-12-08 12:42:52,708 log Not Found: /login/
WARNING 2025-12-08 12:42:52,709 basehttp "GET /login/ HTTP/1.1" 404 3029
INFO 2025-12-08 13:22:17,224 basehttp "OPTIONS /api/auth/login/ HTTP/1.1" 200 0
WARNING 2025-12-08 13:22:17,309 log Not Found: /api/auth/login/
WARNING 2025-12-08 13:22:17,310 basehttp "POST /api/auth/login/ HTTP/1.1" 404 3140
WARNING 2025-12-08 13:22:21,873 log Not Found: /api/auth/login/
WARNING 2025-12-08 13:22:21,873 basehttp "POST /api/auth/login/ HTTP/1.1" 404 3140
WARNING 2025-12-08 13:22:24,424 log Not Found: /api/auth/login/
WARNING 2025-12-08 13:22:24,425 basehttp "POST /api/auth/login/ HTTP/1.1" 404 3140
WARNING 2025-12-08 13:23:01,626 log Not Found: /login/
WARNING 2025-12-08 13:23:01,643 basehttp "GET /login/ HTTP/1.1" 404 3029
WARNING 2025-12-08 13:23:06,347 log Not Found: /app/login/
WARNING 2025-12-08 13:23:06,347 basehttp "GET /app/login/ HTTP/1.1" 404 3041
WARNING 2025-12-08 13:24:46,896 log Not Found: /api/auth/login/
WARNING 2025-12-08 13:24:46,896 basehttp "POST /api/auth/login/ HTTP/1.1" 404 3140
WARNING 2025-12-08 13:26:01,796 log Not Found: /app/login/
WARNING 2025-12-08 13:26:01,797 basehttp "GET /app/login/ HTTP/1.1" 404 3041
WARNING 2025-12-08 13:26:16,120 log Not Found: /app/auth/
WARNING 2025-12-08 13:26:16,137 basehttp "GET /app/auth/ HTTP/1.1" 404 3038
WARNING 2025-12-08 13:26:18,834 log Not Found: /app/auth/
WARNING 2025-12-08 13:26:18,834 basehttp "GET /app/auth/ HTTP/1.1" 404 3038
WARNING 2025-12-08 13:26:43,937 log Not Found: /app/auth/login
WARNING 2025-12-08 13:26:43,937 basehttp "GET /app/auth/login HTTP/1.1" 404 3053
WARNING 2025-12-08 13:26:46,862 log Not Found: /app/auth/login
WARNING 2025-12-08 13:26:46,863 basehttp "GET /app/auth/login HTTP/1.1" 404 3053
WARNING 2025-12-08 13:26:48,981 log Not Found: /app/auth/login
WARNING 2025-12-08 13:26:48,981 basehttp "GET /app/auth/login HTTP/1.1" 404 3053
WARNING 2025-12-08 13:26:55,485 log Not Found: /app/auth/login
WARNING 2025-12-08 13:26:55,486 basehttp "GET /app/auth/login HTTP/1.1" 404 3053
WARNING 2025-12-08 13:27:01,826 log Not Found: /app/auth/login
WARNING 2025-12-08 13:27:01,826 basehttp "GET /app/auth/login HTTP/1.1" 404 3053
WARNING 2025-12-08 13:27:04,644 log Not Found: /app/auth/login
WARNING 2025-12-08 13:27:04,644 basehttp "GET /app/auth/login HTTP/1.1" 404 3053
WARNING 2025-12-08 13:27:06,121 log Not Found: /app/auth/login
WARNING 2025-12-08 13:27:06,121 basehttp "GET /app/auth/login HTTP/1.1" 404 3053
WARNING 2025-12-08 13:27:37,705 log Not Found: /api/auth/login/
WARNING 2025-12-08 13:27:37,705 basehttp "POST /api/auth/login/ HTTP/1.1" 404 3140
WARNING 2025-12-08 13:39:39,036 log Not Found: /app/login/
WARNING 2025-12-08 13:39:39,036 basehttp "GET /app/login/ HTTP/1.1" 404 3041
WARNING 2025-12-08 13:39:48,640 log Not Found: /app/auth/
WARNING 2025-12-08 13:39:48,640 basehttp "GET /app/auth/ HTTP/1.1" 404 3038
WARNING 2025-12-08 13:43:52,130 log Not Found: /api/auth/login
WARNING 2025-12-08 13:43:52,130 basehttp "GET /api/auth/login HTTP/1.1" 404 3136
WARNING 2025-12-08 13:43:55,502 log Not Found: /api/auth/
WARNING 2025-12-08 13:43:55,502 basehttp "GET /api/auth/ HTTP/1.1" 404 3121
ERROR 2025-12-08 13:44:02,383 log Internal Server Error: /api/areas/
Traceback (most recent call last):
  File "D:\Area de Trabajo Django\metro-vacaciones-system\backend\venv\Lib\site-packages\rest_framework\views.py", line 497, in dispatch
    self.initial(request, *args, **kwargs)
  File "D:\Area de Trabajo Django\metro-vacaciones-system\backend\venv\Lib\site-packages\rest_framework\views.py", line 415, in initial
    self.check_permissions(request)
  File "D:\Area de Trabajo Django\metro-vacaciones-system\backend\venv\Lib\site-packages\rest_framework\views.py", line 333, in check_permissions
    self.permission_denied(
  File "D:\Area de Trabajo Django\metro-vacaciones-system\backend\venv\Lib\site-packages\rest_framework\views.py", line 174, in permission_denied
    raise exceptions.NotAuthenticated()
rest_framework.exceptions.NotAuthenticated: Las credenciales de autenticación no se proveyeron.

During handling of the above exception, another exception occurred:

Traceback (most recent call last):
  File "D:\Area de Trabajo Django\metro-vacaciones-system\backend\venv\Lib\site-packages\django\utils\module_loading.py", line 30, in import_string
    return cached_import(module_path, class_name)
           ^^^^^^^^^^^^^^^^^^^^^^^^^^^^^^^^^^^^^^
  File "D:\Area de Trabajo Django\metro-vacaciones-system\backend\venv\Lib\site-packages\django\utils\module_loading.py", line 16, in cached_import
    return getattr(module, class_name)
           ^^^^^^^^^^^^^^^^^^^^^^^^^^^
AttributeError: module 'utils.exceptions' has no attribute 'custom_exception_handler'

The above exception was the direct cause of the following exception:

Traceback (most recent call last):
  File "D:\Area de Trabajo Django\metro-vacaciones-system\backend\venv\Lib\site-packages\rest_framework\settings.py", line 177, in import_from_string
    return import_string(val)
           ^^^^^^^^^^^^^^^^^^
  File "D:\Area de Trabajo Django\metro-vacaciones-system\backend\venv\Lib\site-packages\django\utils\module_loading.py", line 32, in import_string
    raise ImportError(
ImportError: Module "utils.exceptions" does not define a "custom_exception_handler" attribute/class

During handling of the above exception, another exception occurred:

Traceback (most recent call last):
  File "D:\Area de Trabajo Django\metro-vacaciones-system\backend\venv\Lib\site-packages\django\core\handlers\exception.py", line 55, in inner
    response = get_response(request)
               ^^^^^^^^^^^^^^^^^^^^^
  File "D:\Area de Trabajo Django\metro-vacaciones-system\backend\venv\Lib\site-packages\django\core\handlers\base.py", line 197, in _get_response
    response = wrapped_callback(request, *callback_args, **callback_kwargs)
               ^^^^^^^^^^^^^^^^^^^^^^^^^^^^^^^^^^^^^^^^^^^^^^^^^^^^^^^^^^^^
  File "D:\Area de Trabajo Django\metro-vacaciones-system\backend\venv\Lib\site-packages\django\views\decorators\csrf.py", line 56, in wrapper_view
    return view_func(*args, **kwargs)
           ^^^^^^^^^^^^^^^^^^^^^^^^^^
  File "D:\Area de Trabajo Django\metro-vacaciones-system\backend\venv\Lib\site-packages\django\views\generic\base.py", line 104, in view
    return self.dispatch(request, *args, **kwargs)
           ^^^^^^^^^^^^^^^^^^^^^^^^^^^^^^^^^^^^^^^
  File "D:\Area de Trabajo Django\metro-vacaciones-system\backend\venv\Lib\site-packages\rest_framework\views.py", line 509, in dispatch
    response = self.handle_exception(exc)
               ^^^^^^^^^^^^^^^^^^^^^^^^^^
  File "D:\Area de Trabajo Django\metro-vacaciones-system\backend\venv\Lib\site-packages\rest_framework\views.py", line 463, in handle_exception
    exception_handler = self.get_exception_handler()
                        ^^^^^^^^^^^^^^^^^^^^^^^^^^^^
  File "D:\Area de Trabajo Django\metro-vacaciones-system\backend\venv\Lib\site-packages\rest_framework\views.py", line 298, in get_exception_handler
    return self.settings.EXCEPTION_HANDLER
           ^^^^^^^^^^^^^^^^^^^^^^^^^^^^^^^
  File "D:\Area de Trabajo Django\metro-vacaciones-system\backend\venv\Lib\site-packages\rest_framework\settings.py", line 225, in __getattr__
    val = perform_import(val, attr)
          ^^^^^^^^^^^^^^^^^^^^^^^^^
  File "D:\Area de Trabajo Django\metro-vacaciones-system\backend\venv\Lib\site-packages\rest_framework\settings.py", line 166, in perform_import
    return import_from_string(val, setting_name)
           ^^^^^^^^^^^^^^^^^^^^^^^^^^^^^^^^^^^^^
  File "D:\Area de Trabajo Django\metro-vacaciones-system\backend\venv\Lib\site-packages\rest_framework\settings.py", line 180, in import_from_string
    raise ImportError(msg)
ImportError: Could not import 'utils.exceptions.custom_exception_handler' for API setting 'EXCEPTION_HANDLER'. ImportError: Module "utils.exceptions" does not define a "custom_exception_handler" attribute/class.
ERROR 2025-12-08 13:44:02,399 basehttp "GET /api/areas/ HTTP/1.1" 500 142290
WARNING 2025-12-08 13:44:19,620 log Not Found: /api/auth/login/
WARNING 2025-12-08 13:44:19,620 basehttp "GET /api/auth/login/ HTTP/1.1" 404 3139
WARNING 2025-12-08 13:48:37,490 log Not Found: /api/auth/login/
WARNING 2025-12-08 13:48:37,490 basehttp "POST /api/auth/login/ HTTP/1.1" 404 3140
INFO 2025-12-08 15:13:56,051 autoreload D:\Area de Trabajo Django\metro-vacaciones-system\backend\config\settings.py changed, reloading.
INFO 2025-12-08 15:14:06,378 autoreload Watching for file changes with StatReloader
WARNING 2025-12-08 15:14:14,151 log Not Found: /api/auth/login/
WARNING 2025-12-08 15:14:14,151 basehttp "GET /api/auth/login/ HTTP/1.1" 404 3139
WARNING 2025-12-08 15:14:22,958 log Not Found: /api/auth/login/
WARNING 2025-12-08 15:14:22,959 basehttp "POST /api/auth/login/ HTTP/1.1" 404 3140
WARNING 2025-12-08 15:14:29,947 log Not Found: /api/auth/login/
WARNING 2025-12-08 15:14:29,947 basehttp "POST /api/auth/login/ HTTP/1.1" 404 3140
WARNING 2025-12-08 15:14:49,930 log Not Found: /api/auth/login/
WARNING 2025-12-08 15:14:49,930 basehttp "POST /api/auth/login/ HTTP/1.1" 404 3140
WARNING 2025-12-08 15:14:54,800 log Not Found: /
WARNING 2025-12-08 15:14:54,801 basehttp "GET / HTTP/1.1" 404 2993
WARNING 2025-12-08 15:15:02,775 log Not Found: /api/auth/login/
WARNING 2025-12-08 15:15:02,775 basehttp "POST /api/auth/login/ HTTP/1.1" 404 3140
WARNING 2025-12-08 15:21:59,535 log Not Found: /api/auth/login/
WARNING 2025-12-08 15:21:59,535 basehttp "POST /api/auth/login/ HTTP/1.1" 404 3140
WARNING 2025-12-08 15:22:10,196 log Not Found: /api/auth/login/
WARNING 2025-12-08 15:22:10,196 basehttp "POST /api/auth/login/ HTTP/1.1" 404 3140
WARNING 2025-12-08 15:24:50,742 log Not Found: /
WARNING 2025-12-08 15:24:58,232 basehttp "GET / HTTP/1.1" 404 2993
WARNING 2025-12-08 15:25:12,988 log Not Found: /api/auth/login/
WARNING 2025-12-08 15:25:12,988 basehttp "GET /api/auth/login/ HTTP/1.1" 404 3139
INFO 2025-12-08 15:25:27,868 basehttp "OPTIONS /api/auth/login/ HTTP/1.1" 200 0
WARNING 2025-12-08 15:25:27,881 log Not Found: /api/auth/login/
WARNING 2025-12-08 15:25:27,881 basehttp "POST /api/auth/login/ HTTP/1.1" 404 3140
WARNING 2025-12-08 15:28:41,593 log Not Found: /api/auth/login/
WARNING 2025-12-08 15:28:41,602 basehttp "POST /api/auth/login/ HTTP/1.1" 404 3140
WARNING 2025-12-08 15:30:28,774 log Not Found: /api/auth/login/
WARNING 2025-12-08 15:30:28,774 basehttp "POST /api/auth/login/ HTTP/1.1" 404 3140
WARNING 2025-12-08 15:31:27,351 log Not Found: /api/auth/login/
WARNING 2025-12-08 15:31:27,352 basehttp "GET /api/auth/login/ HTTP/1.1" 404 3139
WARNING 2025-12-08 15:32:10,503 log Not Found: /api/auth/login/
WARNING 2025-12-08 15:32:10,504 basehttp "GET /api/auth/login/ HTTP/1.1" 404 3139
WARNING 2025-12-08 15:32:11,287 log Not Found: /api/auth/login/
WARNING 2025-12-08 15:32:11,288 basehttp "GET /api/auth/login/ HTTP/1.1" 404 3139
WARNING 2025-12-08 15:32:35,552 log Not Found: /api/auth/login/
WARNING 2025-12-08 15:32:35,552 basehttp "GET /api/auth/login/ HTTP/1.1" 404 3139
WARNING 2025-12-08 15:32:36,386 log Not Found: /api/auth/login/
WARNING 2025-12-08 15:32:36,386 basehttp "GET /api/auth/login/ HTTP/1.1" 404 3139
WARNING 2025-12-08 15:32:37,362 log Not Found: /api/auth/login/
WARNING 2025-12-08 15:32:37,363 basehttp "GET /api/auth/login/ HTTP/1.1" 404 3139
INFO 2025-12-08 15:32:43,050 basehttp "GET /admin/ HTTP/1.1" 302 0
INFO 2025-12-08 15:32:43,497 basehttp "GET /admin/login/?next=/admin/ HTTP/1.1" 200 4233
INFO 2025-12-08 15:32:43,742 basehttp "GET /static/admin/css/nav_sidebar.css HTTP/1.1" 200 2694
INFO 2025-12-08 15:32:43,742 basehttp "GET /static/admin/css/base.css HTTP/1.1" 200 21207
INFO 2025-12-08 15:32:43,742 basehttp "GET /static/admin/css/login.css HTTP/1.1" 200 958
INFO 2025-12-08 15:32:43,742 basehttp "GET /static/admin/css/responsive.css HTTP/1.1" 200 18533
INFO 2025-12-08 15:32:43,762 basehttp "GET /static/admin/css/dark_mode.css HTTP/1.1" 200 2929
INFO 2025-12-08 15:32:43,763 basehttp "GET /static/admin/js/theme.js HTTP/1.1" 200 1943
INFO 2025-12-08 15:32:43,764 basehttp "GET /static/admin/js/nav_sidebar.js HTTP/1.1" 200 3063
INFO 2025-12-08 15:32:46,245 basehttp "GET /admin/login/?next=/admin/ HTTP/1.1" 200 4233
WARNING 2025-12-08 15:32:55,798 log Not Found: /api/auth/login/
WARNING 2025-12-08 15:32:55,799 basehttp "GET /api/auth/login/ HTTP/1.1" 404 3139
WARNING 2025-12-08 15:35:23,419 log Not Found: /api/auth/login/
WARNING 2025-12-08 15:35:23,420 basehttp "GET /api/auth/login/ HTTP/1.1" 404 3139
WARNING 2025-12-08 15:36:26,960 log Not Found: /api/auth/login/
WARNING 2025-12-08 15:36:26,960 basehttp "POST /api/auth/login/ HTTP/1.1" 404 3140
WARNING 2025-12-08 15:36:27,857 log Not Found: /api/auth/login/
WARNING 2025-12-08 15:36:27,857 basehttp "POST /api/auth/login/ HTTP/1.1" 404 3140
INFO 2025-12-08 15:51:27,337 autoreload D:\Area de Trabajo Django\metro-vacaciones-system\backend\config\settings.py changed, reloading.
INFO 2025-12-08 15:51:29,950 autoreload Watching for file changes with StatReloader
WARNING 2025-12-08 15:51:40,374 log Not Found: /api/auth/login/
WARNING 2025-12-08 15:51:40,375 basehttp "POST /api/auth/login/ HTTP/1.1" 404 3140
INFO 2025-12-08 15:56:02,828 autoreload Watching for file changes with StatReloader
INFO 2025-12-08 15:56:25,520 autoreload D:\Area de Trabajo Django\metro-vacaciones-system\backend\apps\authentication\urls.py changed, reloading.
INFO 2025-12-08 15:56:26,626 autoreload Watching for file changes with StatReloader
INFO 2025-12-08 15:58:01,266 autoreload Watching for file changes with StatReloader
INFO 2025-12-08 15:59:30,636 autoreload Watching for file changes with StatReloader
INFO 2025-12-08 15:59:59,805 autoreload D:\Area de Trabajo Django\metro-vacaciones-system\backend\apps\authentication\views.py changed, reloading.
INFO 2025-12-08 16:00:01,042 autoreload Watching for file changes with StatReloader
INFO 2025-12-08 16:00:39,607 autoreload Watching for file changes with StatReloader
INFO 2025-12-08 16:02:12,406 autoreload D:\Area de Trabajo Django\metro-vacaciones-system\backend\apps\authentication\serializers.py changed, reloading.
INFO 2025-12-08 16:02:13,911 autoreload Watching for file changes with StatReloader
ERROR 2025-12-08 16:02:42,501 log Internal Server Error: /api/auth/
Traceback (most recent call last):
  File "D:\Area de Trabajo Django\metro-vacaciones-system\backend\venv\Lib\site-packages\rest_framework\views.py", line 497, in dispatch
    self.initial(request, *args, **kwargs)
  File "D:\Area de Trabajo Django\metro-vacaciones-system\backend\venv\Lib\site-packages\rest_framework\views.py", line 415, in initial
    self.check_permissions(request)
  File "D:\Area de Trabajo Django\metro-vacaciones-system\backend\venv\Lib\site-packages\rest_framework\views.py", line 333, in check_permissions
    self.permission_denied(
  File "D:\Area de Trabajo Django\metro-vacaciones-system\backend\venv\Lib\site-packages\rest_framework\views.py", line 174, in permission_denied
    raise exceptions.NotAuthenticated()
rest_framework.exceptions.NotAuthenticated: Las credenciales de autenticación no se proveyeron.

During handling of the above exception, another exception occurred:

Traceback (most recent call last):
  File "D:\Area de Trabajo Django\metro-vacaciones-system\backend\venv\Lib\site-packages\django\utils\module_loading.py", line 30, in import_string
    return cached_import(module_path, class_name)
           ^^^^^^^^^^^^^^^^^^^^^^^^^^^^^^^^^^^^^^
  File "D:\Area de Trabajo Django\metro-vacaciones-system\backend\venv\Lib\site-packages\django\utils\module_loading.py", line 16, in cached_import
    return getattr(module, class_name)
           ^^^^^^^^^^^^^^^^^^^^^^^^^^^
AttributeError: module 'utils.exceptions' has no attribute 'custom_exception_handler'

The above exception was the direct cause of the following exception:

Traceback (most recent call last):
  File "D:\Area de Trabajo Django\metro-vacaciones-system\backend\venv\Lib\site-packages\rest_framework\settings.py", line 177, in import_from_string
    return import_string(val)
           ^^^^^^^^^^^^^^^^^^
  File "D:\Area de Trabajo Django\metro-vacaciones-system\backend\venv\Lib\site-packages\django\utils\module_loading.py", line 32, in import_string
    raise ImportError(
ImportError: Module "utils.exceptions" does not define a "custom_exception_handler" attribute/class

During handling of the above exception, another exception occurred:

Traceback (most recent call last):
  File "D:\Area de Trabajo Django\metro-vacaciones-system\backend\venv\Lib\site-packages\django\core\handlers\exception.py", line 55, in inner
    response = get_response(request)
               ^^^^^^^^^^^^^^^^^^^^^
  File "D:\Area de Trabajo Django\metro-vacaciones-system\backend\venv\Lib\site-packages\django\core\handlers\base.py", line 197, in _get_response
    response = wrapped_callback(request, *callback_args, **callback_kwargs)
               ^^^^^^^^^^^^^^^^^^^^^^^^^^^^^^^^^^^^^^^^^^^^^^^^^^^^^^^^^^^^
  File "D:\Area de Trabajo Django\metro-vacaciones-system\backend\venv\Lib\site-packages\django\views\decorators\csrf.py", line 56, in wrapper_view
    return view_func(*args, **kwargs)
           ^^^^^^^^^^^^^^^^^^^^^^^^^^
  File "D:\Area de Trabajo Django\metro-vacaciones-system\backend\venv\Lib\site-packages\django\views\generic\base.py", line 104, in view
    return self.dispatch(request, *args, **kwargs)
           ^^^^^^^^^^^^^^^^^^^^^^^^^^^^^^^^^^^^^^^
  File "D:\Area de Trabajo Django\metro-vacaciones-system\backend\venv\Lib\site-packages\rest_framework\views.py", line 509, in dispatch
    response = self.handle_exception(exc)
               ^^^^^^^^^^^^^^^^^^^^^^^^^^
  File "D:\Area de Trabajo Django\metro-vacaciones-system\backend\venv\Lib\site-packages\rest_framework\views.py", line 463, in handle_exception
    exception_handler = self.get_exception_handler()
                        ^^^^^^^^^^^^^^^^^^^^^^^^^^^^
  File "D:\Area de Trabajo Django\metro-vacaciones-system\backend\venv\Lib\site-packages\rest_framework\views.py", line 298, in get_exception_handler
    return self.settings.EXCEPTION_HANDLER
           ^^^^^^^^^^^^^^^^^^^^^^^^^^^^^^^
  File "D:\Area de Trabajo Django\metro-vacaciones-system\backend\venv\Lib\site-packages\rest_framework\settings.py", line 225, in __getattr__
    val = perform_import(val, attr)
          ^^^^^^^^^^^^^^^^^^^^^^^^^
  File "D:\Area de Trabajo Django\metro-vacaciones-system\backend\venv\Lib\site-packages\rest_framework\settings.py", line 166, in perform_import
    return import_from_string(val, setting_name)
           ^^^^^^^^^^^^^^^^^^^^^^^^^^^^^^^^^^^^^
  File "D:\Area de Trabajo Django\metro-vacaciones-system\backend\venv\Lib\site-packages\rest_framework\settings.py", line 180, in import_from_string
    raise ImportError(msg)
ImportError: Could not import 'utils.exceptions.custom_exception_handler' for API setting 'EXCEPTION_HANDLER'. ImportError: Module "utils.exceptions" does not define a "custom_exception_handler" attribute/class.
ERROR 2025-12-08 16:02:42,542 basehttp "GET /api/auth/ HTTP/1.1" 500 142717
ERROR 2025-12-08 16:02:49,239 log Internal Server Error: /api/auth/login/
Traceback (most recent call last):
  File "D:\Area de Trabajo Django\metro-vacaciones-system\backend\venv\Lib\site-packages\rest_framework\views.py", line 506, in dispatch
    response = handler(request, *args, **kwargs)
               ^^^^^^^^^^^^^^^^^^^^^^^^^^^^^^^^^
  File "D:\Area de Trabajo Django\metro-vacaciones-system\backend\venv\Lib\site-packages\rest_framework\views.py", line 167, in http_method_not_allowed
    raise exceptions.MethodNotAllowed(request.method)
rest_framework.exceptions.MethodNotAllowed: Método "GET" no permitido.

During handling of the above exception, another exception occurred:

Traceback (most recent call last):
  File "D:\Area de Trabajo Django\metro-vacaciones-system\backend\venv\Lib\site-packages\django\utils\module_loading.py", line 30, in import_string
    return cached_import(module_path, class_name)
           ^^^^^^^^^^^^^^^^^^^^^^^^^^^^^^^^^^^^^^
  File "D:\Area de Trabajo Django\metro-vacaciones-system\backend\venv\Lib\site-packages\django\utils\module_loading.py", line 16, in cached_import
    return getattr(module, class_name)
           ^^^^^^^^^^^^^^^^^^^^^^^^^^^
AttributeError: module 'utils.exceptions' has no attribute 'custom_exception_handler'

The above exception was the direct cause of the following exception:

Traceback (most recent call last):
  File "D:\Area de Trabajo Django\metro-vacaciones-system\backend\venv\Lib\site-packages\rest_framework\settings.py", line 177, in import_from_string
    return import_string(val)
           ^^^^^^^^^^^^^^^^^^
  File "D:\Area de Trabajo Django\metro-vacaciones-system\backend\venv\Lib\site-packages\django\utils\module_loading.py", line 32, in import_string
    raise ImportError(
ImportError: Module "utils.exceptions" does not define a "custom_exception_handler" attribute/class

During handling of the above exception, another exception occurred:

Traceback (most recent call last):
  File "D:\Area de Trabajo Django\metro-vacaciones-system\backend\venv\Lib\site-packages\django\core\handlers\exception.py", line 55, in inner
    response = get_response(request)
               ^^^^^^^^^^^^^^^^^^^^^
  File "D:\Area de Trabajo Django\metro-vacaciones-system\backend\venv\Lib\site-packages\django\core\handlers\base.py", line 197, in _get_response
    response = wrapped_callback(request, *callback_args, **callback_kwargs)
               ^^^^^^^^^^^^^^^^^^^^^^^^^^^^^^^^^^^^^^^^^^^^^^^^^^^^^^^^^^^^
  File "D:\Area de Trabajo Django\metro-vacaciones-system\backend\venv\Lib\site-packages\django\views\decorators\csrf.py", line 56, in wrapper_view
    return view_func(*args, **kwargs)
           ^^^^^^^^^^^^^^^^^^^^^^^^^^
  File "D:\Area de Trabajo Django\metro-vacaciones-system\backend\venv\Lib\site-packages\django\views\generic\base.py", line 104, in view
    return self.dispatch(request, *args, **kwargs)
           ^^^^^^^^^^^^^^^^^^^^^^^^^^^^^^^^^^^^^^^
  File "D:\Area de Trabajo Django\metro-vacaciones-system\backend\venv\Lib\site-packages\rest_framework\views.py", line 509, in dispatch
    response = self.handle_exception(exc)
               ^^^^^^^^^^^^^^^^^^^^^^^^^^
  File "D:\Area de Trabajo Django\metro-vacaciones-system\backend\venv\Lib\site-packages\rest_framework\views.py", line 463, in handle_exception
    exception_handler = self.get_exception_handler()
                        ^^^^^^^^^^^^^^^^^^^^^^^^^^^^
  File "D:\Area de Trabajo Django\metro-vacaciones-system\backend\venv\Lib\site-packages\rest_framework\views.py", line 298, in get_exception_handler
    return self.settings.EXCEPTION_HANDLER
           ^^^^^^^^^^^^^^^^^^^^^^^^^^^^^^^
  File "D:\Area de Trabajo Django\metro-vacaciones-system\backend\venv\Lib\site-packages\rest_framework\settings.py", line 225, in __getattr__
    val = perform_import(val, attr)
          ^^^^^^^^^^^^^^^^^^^^^^^^^
  File "D:\Area de Trabajo Django\metro-vacaciones-system\backend\venv\Lib\site-packages\rest_framework\settings.py", line 166, in perform_import
    return import_from_string(val, setting_name)
           ^^^^^^^^^^^^^^^^^^^^^^^^^^^^^^^^^^^^^
  File "D:\Area de Trabajo Django\metro-vacaciones-system\backend\venv\Lib\site-packages\rest_framework\settings.py", line 180, in import_from_string
    raise ImportError(msg)
ImportError: Could not import 'utils.exceptions.custom_exception_handler' for API setting 'EXCEPTION_HANDLER'. ImportError: Module "utils.exceptions" does not define a "custom_exception_handler" attribute/class.
ERROR 2025-12-08 16:02:49,280 basehttp "GET /api/auth/login/ HTTP/1.1" 500 134274
ERROR 2025-12-08 16:02:50,622 log Internal Server Error: /api/auth/login/
Traceback (most recent call last):
  File "D:\Area de Trabajo Django\metro-vacaciones-system\backend\venv\Lib\site-packages\rest_framework\views.py", line 506, in dispatch
    response = handler(request, *args, **kwargs)
               ^^^^^^^^^^^^^^^^^^^^^^^^^^^^^^^^^
  File "D:\Area de Trabajo Django\metro-vacaciones-system\backend\venv\Lib\site-packages\rest_framework\views.py", line 167, in http_method_not_allowed
    raise exceptions.MethodNotAllowed(request.method)
rest_framework.exceptions.MethodNotAllowed: Método "GET" no permitido.

During handling of the above exception, another exception occurred:

Traceback (most recent call last):
  File "D:\Area de Trabajo Django\metro-vacaciones-system\backend\venv\Lib\site-packages\django\utils\module_loading.py", line 30, in import_string
    return cached_import(module_path, class_name)
           ^^^^^^^^^^^^^^^^^^^^^^^^^^^^^^^^^^^^^^
  File "D:\Area de Trabajo Django\metro-vacaciones-system\backend\venv\Lib\site-packages\django\utils\module_loading.py", line 16, in cached_import
    return getattr(module, class_name)
           ^^^^^^^^^^^^^^^^^^^^^^^^^^^
AttributeError: module 'utils.exceptions' has no attribute 'custom_exception_handler'

The above exception was the direct cause of the following exception:

Traceback (most recent call last):
  File "D:\Area de Trabajo Django\metro-vacaciones-system\backend\venv\Lib\site-packages\rest_framework\settings.py", line 177, in import_from_string
    return import_string(val)
           ^^^^^^^^^^^^^^^^^^
  File "D:\Area de Trabajo Django\metro-vacaciones-system\backend\venv\Lib\site-packages\django\utils\module_loading.py", line 32, in import_string
    raise ImportError(
ImportError: Module "utils.exceptions" does not define a "custom_exception_handler" attribute/class

During handling of the above exception, another exception occurred:

Traceback (most recent call last):
  File "D:\Area de Trabajo Django\metro-vacaciones-system\backend\venv\Lib\site-packages\django\core\handlers\exception.py", line 55, in inner
    response = get_response(request)
               ^^^^^^^^^^^^^^^^^^^^^
  File "D:\Area de Trabajo Django\metro-vacaciones-system\backend\venv\Lib\site-packages\django\core\handlers\base.py", line 197, in _get_response
    response = wrapped_callback(request, *callback_args, **callback_kwargs)
               ^^^^^^^^^^^^^^^^^^^^^^^^^^^^^^^^^^^^^^^^^^^^^^^^^^^^^^^^^^^^
  File "D:\Area de Trabajo Django\metro-vacaciones-system\backend\venv\Lib\site-packages\django\views\decorators\csrf.py", line 56, in wrapper_view
    return view_func(*args, **kwargs)
           ^^^^^^^^^^^^^^^^^^^^^^^^^^
  File "D:\Area de Trabajo Django\metro-vacaciones-system\backend\venv\Lib\site-packages\django\views\generic\base.py", line 104, in view
    return self.dispatch(request, *args, **kwargs)
           ^^^^^^^^^^^^^^^^^^^^^^^^^^^^^^^^^^^^^^^
  File "D:\Area de Trabajo Django\metro-vacaciones-system\backend\venv\Lib\site-packages\rest_framework\views.py", line 509, in dispatch
    response = self.handle_exception(exc)
               ^^^^^^^^^^^^^^^^^^^^^^^^^^
  File "D:\Area de Trabajo Django\metro-vacaciones-system\backend\venv\Lib\site-packages\rest_framework\views.py", line 463, in handle_exception
    exception_handler = self.get_exception_handler()
                        ^^^^^^^^^^^^^^^^^^^^^^^^^^^^
  File "D:\Area de Trabajo Django\metro-vacaciones-system\backend\venv\Lib\site-packages\rest_framework\views.py", line 298, in get_exception_handler
    return self.settings.EXCEPTION_HANDLER
           ^^^^^^^^^^^^^^^^^^^^^^^^^^^^^^^
  File "D:\Area de Trabajo Django\metro-vacaciones-system\backend\venv\Lib\site-packages\rest_framework\settings.py", line 225, in __getattr__
    val = perform_import(val, attr)
          ^^^^^^^^^^^^^^^^^^^^^^^^^
  File "D:\Area de Trabajo Django\metro-vacaciones-system\backend\venv\Lib\site-packages\rest_framework\settings.py", line 166, in perform_import
    return import_from_string(val, setting_name)
           ^^^^^^^^^^^^^^^^^^^^^^^^^^^^^^^^^^^^^
  File "D:\Area de Trabajo Django\metro-vacaciones-system\backend\venv\Lib\site-packages\rest_framework\settings.py", line 180, in import_from_string
    raise ImportError(msg)
ImportError: Could not import 'utils.exceptions.custom_exception_handler' for API setting 'EXCEPTION_HANDLER'. ImportError: Module "utils.exceptions" does not define a "custom_exception_handler" attribute/class.
ERROR 2025-12-08 16:02:50,625 basehttp "GET /api/auth/login/ HTTP/1.1" 500 134274
ERROR 2025-12-08 16:02:51,706 log Internal Server Error: /api/auth/login/
Traceback (most recent call last):
  File "D:\Area de Trabajo Django\metro-vacaciones-system\backend\venv\Lib\site-packages\rest_framework\views.py", line 506, in dispatch
    response = handler(request, *args, **kwargs)
               ^^^^^^^^^^^^^^^^^^^^^^^^^^^^^^^^^
  File "D:\Area de Trabajo Django\metro-vacaciones-system\backend\venv\Lib\site-packages\rest_framework\views.py", line 167, in http_method_not_allowed
    raise exceptions.MethodNotAllowed(request.method)
rest_framework.exceptions.MethodNotAllowed: Método "GET" no permitido.

During handling of the above exception, another exception occurred:

Traceback (most recent call last):
  File "D:\Area de Trabajo Django\metro-vacaciones-system\backend\venv\Lib\site-packages\django\utils\module_loading.py", line 30, in import_string
    return cached_import(module_path, class_name)
           ^^^^^^^^^^^^^^^^^^^^^^^^^^^^^^^^^^^^^^
  File "D:\Area de Trabajo Django\metro-vacaciones-system\backend\venv\Lib\site-packages\django\utils\module_loading.py", line 16, in cached_import
    return getattr(module, class_name)
           ^^^^^^^^^^^^^^^^^^^^^^^^^^^
AttributeError: module 'utils.exceptions' has no attribute 'custom_exception_handler'

The above exception was the direct cause of the following exception:

Traceback (most recent call last):
  File "D:\Area de Trabajo Django\metro-vacaciones-system\backend\venv\Lib\site-packages\rest_framework\settings.py", line 177, in import_from_string
    return import_string(val)
           ^^^^^^^^^^^^^^^^^^
  File "D:\Area de Trabajo Django\metro-vacaciones-system\backend\venv\Lib\site-packages\django\utils\module_loading.py", line 32, in import_string
    raise ImportError(
ImportError: Module "utils.exceptions" does not define a "custom_exception_handler" attribute/class

During handling of the above exception, another exception occurred:

Traceback (most recent call last):
  File "D:\Area de Trabajo Django\metro-vacaciones-system\backend\venv\Lib\site-packages\django\core\handlers\exception.py", line 55, in inner
    response = get_response(request)
               ^^^^^^^^^^^^^^^^^^^^^
  File "D:\Area de Trabajo Django\metro-vacaciones-system\backend\venv\Lib\site-packages\django\core\handlers\base.py", line 197, in _get_response
    response = wrapped_callback(request, *callback_args, **callback_kwargs)
               ^^^^^^^^^^^^^^^^^^^^^^^^^^^^^^^^^^^^^^^^^^^^^^^^^^^^^^^^^^^^
  File "D:\Area de Trabajo Django\metro-vacaciones-system\backend\venv\Lib\site-packages\django\views\decorators\csrf.py", line 56, in wrapper_view
    return view_func(*args, **kwargs)
           ^^^^^^^^^^^^^^^^^^^^^^^^^^
  File "D:\Area de Trabajo Django\metro-vacaciones-system\backend\venv\Lib\site-packages\django\views\generic\base.py", line 104, in view
    return self.dispatch(request, *args, **kwargs)
           ^^^^^^^^^^^^^^^^^^^^^^^^^^^^^^^^^^^^^^^
  File "D:\Area de Trabajo Django\metro-vacaciones-system\backend\venv\Lib\site-packages\rest_framework\views.py", line 509, in dispatch
    response = self.handle_exception(exc)
               ^^^^^^^^^^^^^^^^^^^^^^^^^^
  File "D:\Area de Trabajo Django\metro-vacaciones-system\backend\venv\Lib\site-packages\rest_framework\views.py", line 463, in handle_exception
    exception_handler = self.get_exception_handler()
                        ^^^^^^^^^^^^^^^^^^^^^^^^^^^^
  File "D:\Area de Trabajo Django\metro-vacaciones-system\backend\venv\Lib\site-packages\rest_framework\views.py", line 298, in get_exception_handler
    return self.settings.EXCEPTION_HANDLER
           ^^^^^^^^^^^^^^^^^^^^^^^^^^^^^^^
  File "D:\Area de Trabajo Django\metro-vacaciones-system\backend\venv\Lib\site-packages\rest_framework\settings.py", line 225, in __getattr__
    val = perform_import(val, attr)
          ^^^^^^^^^^^^^^^^^^^^^^^^^
  File "D:\Area de Trabajo Django\metro-vacaciones-system\backend\venv\Lib\site-packages\rest_framework\settings.py", line 166, in perform_import
    return import_from_string(val, setting_name)
           ^^^^^^^^^^^^^^^^^^^^^^^^^^^^^^^^^^^^^
  File "D:\Area de Trabajo Django\metro-vacaciones-system\backend\venv\Lib\site-packages\rest_framework\settings.py", line 180, in import_from_string
    raise ImportError(msg)
ImportError: Could not import 'utils.exceptions.custom_exception_handler' for API setting 'EXCEPTION_HANDLER'. ImportError: Module "utils.exceptions" does not define a "custom_exception_handler" attribute/class.
ERROR 2025-12-08 16:02:51,709 basehttp "GET /api/auth/login/ HTTP/1.1" 500 134274
WARNING 2025-12-08 16:03:10,794 log Bad Request: /api/auth/login/
WARNING 2025-12-08 16:03:10,794 basehttp "POST /api/auth/login/ HTTP/1.1" 400 73
INFO 2025-12-08 16:03:35,001 autoreload Watching for file changes with StatReloader
INFO 2025-12-08 16:03:51,227 basehttp "POST /api/auth/login/ HTTP/1.1" 200 723
INFO 2025-12-08 16:03:51,259 basehttp "OPTIONS /api/auth/update-access/ HTTP/1.1" 200 0
INFO 2025-12-08 16:03:53,609 basehttp "POST /api/auth/update-access/ HTTP/1.1" 200 40
INFO 2025-12-08 16:04:52,410 autoreload D:\Area de Trabajo Django\metro-vacaciones-system\backend\apps\authentication\views.py changed, reloading.
INFO 2025-12-08 16:04:53,442 autoreload Watching for file changes with StatReloader
INFO 2025-12-09 09:46:49,740 basehttp "OPTIONS /api/auth/login/ HTTP/1.1" 200 0
ERROR 2025-12-09 09:47:02,363 log Internal Server Error: /api/auth/login/
Traceback (most recent call last):
  File "D:\Area de Trabajo Django\metro-vacaciones-system\backend\venv\Lib\site-packages\rest_framework\views.py", line 497, in dispatch
    self.initial(request, *args, **kwargs)
  File "D:\Area de Trabajo Django\metro-vacaciones-system\backend\venv\Lib\site-packages\rest_framework\views.py", line 414, in initial
    self.perform_authentication(request)
  File "D:\Area de Trabajo Django\metro-vacaciones-system\backend\venv\Lib\site-packages\rest_framework\views.py", line 324, in perform_authentication
    request.user
  File "D:\Area de Trabajo Django\metro-vacaciones-system\backend\venv\Lib\site-packages\rest_framework\request.py", line 227, in user
    self._authenticate()
  File "D:\Area de Trabajo Django\metro-vacaciones-system\backend\venv\Lib\site-packages\rest_framework\request.py", line 380, in _authenticate
    user_auth_tuple = authenticator.authenticate(self)
                      ^^^^^^^^^^^^^^^^^^^^^^^^^^^^^^^^
  File "D:\Area de Trabajo Django\metro-vacaciones-system\backend\venv\Lib\site-packages\rest_framework_simplejwt\authentication.py", line 49, in authenticate
    validated_token = self.get_validated_token(raw_token)
                      ^^^^^^^^^^^^^^^^^^^^^^^^^^^^^^^^^^^
  File "D:\Area de Trabajo Django\metro-vacaciones-system\backend\venv\Lib\site-packages\rest_framework_simplejwt\authentication.py", line 113, in get_validated_token
    raise InvalidToken(
rest_framework_simplejwt.exceptions.InvalidToken: {'detail': ErrorDetail(string='El token dado no es valido para ningun tipo de token', code='token_not_valid'), 'code': ErrorDetail(string='token_not_valid', code='token_not_valid'), 'messages': [{'token_class': ErrorDetail(string='AccessToken', code='token_not_valid'), 'token_type': ErrorDetail(string='access', code='token_not_valid'), 'message': ErrorDetail(string='Token is expired', code='token_not_valid')}]}

During handling of the above exception, another exception occurred:

Traceback (most recent call last):
  File "D:\Area de Trabajo Django\metro-vacaciones-system\backend\venv\Lib\site-packages\django\utils\module_loading.py", line 30, in import_string
    return cached_import(module_path, class_name)
           ^^^^^^^^^^^^^^^^^^^^^^^^^^^^^^^^^^^^^^
  File "D:\Area de Trabajo Django\metro-vacaciones-system\backend\venv\Lib\site-packages\django\utils\module_loading.py", line 16, in cached_import
    return getattr(module, class_name)
           ^^^^^^^^^^^^^^^^^^^^^^^^^^^
AttributeError: module 'utils.exceptions' has no attribute 'custom_exception_handler'

The above exception was the direct cause of the following exception:

Traceback (most recent call last):
  File "D:\Area de Trabajo Django\metro-vacaciones-system\backend\venv\Lib\site-packages\rest_framework\settings.py", line 177, in import_from_string
    return import_string(val)
           ^^^^^^^^^^^^^^^^^^
  File "D:\Area de Trabajo Django\metro-vacaciones-system\backend\venv\Lib\site-packages\django\utils\module_loading.py", line 32, in import_string
    raise ImportError(
ImportError: Module "utils.exceptions" does not define a "custom_exception_handler" attribute/class

During handling of the above exception, another exception occurred:

Traceback (most recent call last):
  File "D:\Area de Trabajo Django\metro-vacaciones-system\backend\venv\Lib\site-packages\django\core\handlers\exception.py", line 55, in inner
    response = get_response(request)
               ^^^^^^^^^^^^^^^^^^^^^
  File "D:\Area de Trabajo Django\metro-vacaciones-system\backend\venv\Lib\site-packages\django\core\handlers\base.py", line 197, in _get_response
    response = wrapped_callback(request, *callback_args, **callback_kwargs)
               ^^^^^^^^^^^^^^^^^^^^^^^^^^^^^^^^^^^^^^^^^^^^^^^^^^^^^^^^^^^^
  File "D:\Area de Trabajo Django\metro-vacaciones-system\backend\venv\Lib\site-packages\django\views\decorators\csrf.py", line 56, in wrapper_view
    return view_func(*args, **kwargs)
           ^^^^^^^^^^^^^^^^^^^^^^^^^^
  File "D:\Area de Trabajo Django\metro-vacaciones-system\backend\venv\Lib\site-packages\django\views\generic\base.py", line 104, in view
    return self.dispatch(request, *args, **kwargs)
           ^^^^^^^^^^^^^^^^^^^^^^^^^^^^^^^^^^^^^^^
  File "D:\Area de Trabajo Django\metro-vacaciones-system\backend\venv\Lib\site-packages\rest_framework\views.py", line 509, in dispatch
    response = self.handle_exception(exc)
               ^^^^^^^^^^^^^^^^^^^^^^^^^^
  File "D:\Area de Trabajo Django\metro-vacaciones-system\backend\venv\Lib\site-packages\rest_framework\views.py", line 463, in handle_exception
    exception_handler = self.get_exception_handler()
                        ^^^^^^^^^^^^^^^^^^^^^^^^^^^^
  File "D:\Area de Trabajo Django\metro-vacaciones-system\backend\venv\Lib\site-packages\rest_framework\views.py", line 298, in get_exception_handler
    return self.settings.EXCEPTION_HANDLER
           ^^^^^^^^^^^^^^^^^^^^^^^^^^^^^^^
  File "D:\Area de Trabajo Django\metro-vacaciones-system\backend\venv\Lib\site-packages\rest_framework\settings.py", line 225, in __getattr__
    val = perform_import(val, attr)
          ^^^^^^^^^^^^^^^^^^^^^^^^^
  File "D:\Area de Trabajo Django\metro-vacaciones-system\backend\venv\Lib\site-packages\rest_framework\settings.py", line 166, in perform_import
    return import_from_string(val, setting_name)
           ^^^^^^^^^^^^^^^^^^^^^^^^^^^^^^^^^^^^^
  File "D:\Area de Trabajo Django\metro-vacaciones-system\backend\venv\Lib\site-packages\rest_framework\settings.py", line 180, in import_from_string
    raise ImportError(msg)
ImportError: Could not import 'utils.exceptions.custom_exception_handler' for API setting 'EXCEPTION_HANDLER'. ImportError: Module "utils.exceptions" does not define a "custom_exception_handler" attribute/class.
ERROR 2025-12-09 09:47:03,151 basehttp "POST /api/auth/login/ HTTP/1.1" 500 156252
INFO 2025-12-09 09:50:30,831 autoreload Watching for file changes with StatReloader
INFO 2025-12-09 09:52:00,862 autoreload Watching for file changes with StatReloader
WARNING 2025-12-09 09:52:30,554 log Not Found: /
WARNING 2025-12-09 09:52:30,554 basehttp "GET / HTTP/1.1" 404 2993
WARNING 2025-12-09 09:52:34,044 log Not Found: /
WARNING 2025-12-09 09:52:34,044 basehttp "GET / HTTP/1.1" 404 2993
WARNING 2025-12-09 09:52:39,455 log Not Found: /
WARNING 2025-12-09 09:52:39,456 basehttp "GET / HTTP/1.1" 404 2993
ERROR 2025-12-09 09:54:27,822 log Internal Server Error: /api/auth/login/
Traceback (most recent call last):
  File "D:\Area de Trabajo Django\metro-vacaciones-system\backend\venv\Lib\site-packages\rest_framework\views.py", line 497, in dispatch
    self.initial(request, *args, **kwargs)
  File "D:\Area de Trabajo Django\metro-vacaciones-system\backend\venv\Lib\site-packages\rest_framework\views.py", line 414, in initial
    self.perform_authentication(request)
  File "D:\Area de Trabajo Django\metro-vacaciones-system\backend\venv\Lib\site-packages\rest_framework\views.py", line 324, in perform_authentication
    request.user
  File "D:\Area de Trabajo Django\metro-vacaciones-system\backend\venv\Lib\site-packages\rest_framework\request.py", line 227, in user
    self._authenticate()
  File "D:\Area de Trabajo Django\metro-vacaciones-system\backend\venv\Lib\site-packages\rest_framework\request.py", line 380, in _authenticate
    user_auth_tuple = authenticator.authenticate(self)
                      ^^^^^^^^^^^^^^^^^^^^^^^^^^^^^^^^
  File "D:\Area de Trabajo Django\metro-vacaciones-system\backend\venv\Lib\site-packages\rest_framework_simplejwt\authentication.py", line 49, in authenticate
    validated_token = self.get_validated_token(raw_token)
                      ^^^^^^^^^^^^^^^^^^^^^^^^^^^^^^^^^^^
  File "D:\Area de Trabajo Django\metro-vacaciones-system\backend\venv\Lib\site-packages\rest_framework_simplejwt\authentication.py", line 113, in get_validated_token
    raise InvalidToken(
rest_framework_simplejwt.exceptions.InvalidToken: {'detail': ErrorDetail(string='El token dado no es valido para ningun tipo de token', code='token_not_valid'), 'code': ErrorDetail(string='token_not_valid', code='token_not_valid'), 'messages': [{'token_class': ErrorDetail(string='AccessToken', code='token_not_valid'), 'token_type': ErrorDetail(string='access', code='token_not_valid'), 'message': ErrorDetail(string='Token is expired', code='token_not_valid')}]}

During handling of the above exception, another exception occurred:

Traceback (most recent call last):
  File "D:\Area de Trabajo Django\metro-vacaciones-system\backend\venv\Lib\site-packages\django\utils\module_loading.py", line 30, in import_string
    return cached_import(module_path, class_name)
           ^^^^^^^^^^^^^^^^^^^^^^^^^^^^^^^^^^^^^^
  File "D:\Area de Trabajo Django\metro-vacaciones-system\backend\venv\Lib\site-packages\django\utils\module_loading.py", line 16, in cached_import
    return getattr(module, class_name)
           ^^^^^^^^^^^^^^^^^^^^^^^^^^^
AttributeError: module 'utils.exceptions' has no attribute 'custom_exception_handler'

The above exception was the direct cause of the following exception:

Traceback (most recent call last):
  File "D:\Area de Trabajo Django\metro-vacaciones-system\backend\venv\Lib\site-packages\rest_framework\settings.py", line 177, in import_from_string
    return import_string(val)
           ^^^^^^^^^^^^^^^^^^
  File "D:\Area de Trabajo Django\metro-vacaciones-system\backend\venv\Lib\site-packages\django\utils\module_loading.py", line 32, in import_string
    raise ImportError(
ImportError: Module "utils.exceptions" does not define a "custom_exception_handler" attribute/class

During handling of the above exception, another exception occurred:

Traceback (most recent call last):
  File "D:\Area de Trabajo Django\metro-vacaciones-system\backend\venv\Lib\site-packages\django\core\handlers\exception.py", line 55, in inner
    response = get_response(request)
               ^^^^^^^^^^^^^^^^^^^^^
  File "D:\Area de Trabajo Django\metro-vacaciones-system\backend\venv\Lib\site-packages\django\core\handlers\base.py", line 197, in _get_response
    response = wrapped_callback(request, *callback_args, **callback_kwargs)
               ^^^^^^^^^^^^^^^^^^^^^^^^^^^^^^^^^^^^^^^^^^^^^^^^^^^^^^^^^^^^
  File "D:\Area de Trabajo Django\metro-vacaciones-system\backend\venv\Lib\site-packages\django\views\decorators\csrf.py", line 56, in wrapper_view
    return view_func(*args, **kwargs)
           ^^^^^^^^^^^^^^^^^^^^^^^^^^
  File "D:\Area de Trabajo Django\metro-vacaciones-system\backend\venv\Lib\site-packages\django\views\generic\base.py", line 104, in view
    return self.dispatch(request, *args, **kwargs)
           ^^^^^^^^^^^^^^^^^^^^^^^^^^^^^^^^^^^^^^^
  File "D:\Area de Trabajo Django\metro-vacaciones-system\backend\venv\Lib\site-packages\rest_framework\views.py", line 509, in dispatch
    response = self.handle_exception(exc)
               ^^^^^^^^^^^^^^^^^^^^^^^^^^
  File "D:\Area de Trabajo Django\metro-vacaciones-system\backend\venv\Lib\site-packages\rest_framework\views.py", line 463, in handle_exception
    exception_handler = self.get_exception_handler()
                        ^^^^^^^^^^^^^^^^^^^^^^^^^^^^
  File "D:\Area de Trabajo Django\metro-vacaciones-system\backend\venv\Lib\site-packages\rest_framework\views.py", line 298, in get_exception_handler
    return self.settings.EXCEPTION_HANDLER
           ^^^^^^^^^^^^^^^^^^^^^^^^^^^^^^^
  File "D:\Area de Trabajo Django\metro-vacaciones-system\backend\venv\Lib\site-packages\rest_framework\settings.py", line 225, in __getattr__
    val = perform_import(val, attr)
          ^^^^^^^^^^^^^^^^^^^^^^^^^
  File "D:\Area de Trabajo Django\metro-vacaciones-system\backend\venv\Lib\site-packages\rest_framework\settings.py", line 166, in perform_import
    return import_from_string(val, setting_name)
           ^^^^^^^^^^^^^^^^^^^^^^^^^^^^^^^^^^^^^
  File "D:\Area de Trabajo Django\metro-vacaciones-system\backend\venv\Lib\site-packages\rest_framework\settings.py", line 180, in import_from_string
    raise ImportError(msg)
ImportError: Could not import 'utils.exceptions.custom_exception_handler' for API setting 'EXCEPTION_HANDLER'. ImportError: Module "utils.exceptions" does not define a "custom_exception_handler" attribute/class.
ERROR 2025-12-09 09:54:27,907 basehttp "POST /api/auth/login/ HTTP/1.1" 500 156252
ERROR 2025-12-09 09:54:29,944 log Internal Server Error: /api/auth/login/
Traceback (most recent call last):
  File "D:\Area de Trabajo Django\metro-vacaciones-system\backend\venv\Lib\site-packages\rest_framework\views.py", line 497, in dispatch
    self.initial(request, *args, **kwargs)
  File "D:\Area de Trabajo Django\metro-vacaciones-system\backend\venv\Lib\site-packages\rest_framework\views.py", line 414, in initial
    self.perform_authentication(request)
  File "D:\Area de Trabajo Django\metro-vacaciones-system\backend\venv\Lib\site-packages\rest_framework\views.py", line 324, in perform_authentication
    request.user
  File "D:\Area de Trabajo Django\metro-vacaciones-system\backend\venv\Lib\site-packages\rest_framework\request.py", line 227, in user
    self._authenticate()
  File "D:\Area de Trabajo Django\metro-vacaciones-system\backend\venv\Lib\site-packages\rest_framework\request.py", line 380, in _authenticate
    user_auth_tuple = authenticator.authenticate(self)
                      ^^^^^^^^^^^^^^^^^^^^^^^^^^^^^^^^
  File "D:\Area de Trabajo Django\metro-vacaciones-system\backend\venv\Lib\site-packages\rest_framework_simplejwt\authentication.py", line 49, in authenticate
    validated_token = self.get_validated_token(raw_token)
                      ^^^^^^^^^^^^^^^^^^^^^^^^^^^^^^^^^^^
  File "D:\Area de Trabajo Django\metro-vacaciones-system\backend\venv\Lib\site-packages\rest_framework_simplejwt\authentication.py", line 113, in get_validated_token
    raise InvalidToken(
rest_framework_simplejwt.exceptions.InvalidToken: {'detail': ErrorDetail(string='El token dado no es valido para ningun tipo de token', code='token_not_valid'), 'code': ErrorDetail(string='token_not_valid', code='token_not_valid'), 'messages': [{'token_class': ErrorDetail(string='AccessToken', code='token_not_valid'), 'token_type': ErrorDetail(string='access', code='token_not_valid'), 'message': ErrorDetail(string='Token is expired', code='token_not_valid')}]}

During handling of the above exception, another exception occurred:

Traceback (most recent call last):
  File "D:\Area de Trabajo Django\metro-vacaciones-system\backend\venv\Lib\site-packages\django\utils\module_loading.py", line 30, in import_string
    return cached_import(module_path, class_name)
           ^^^^^^^^^^^^^^^^^^^^^^^^^^^^^^^^^^^^^^
  File "D:\Area de Trabajo Django\metro-vacaciones-system\backend\venv\Lib\site-packages\django\utils\module_loading.py", line 16, in cached_import
    return getattr(module, class_name)
           ^^^^^^^^^^^^^^^^^^^^^^^^^^^
AttributeError: module 'utils.exceptions' has no attribute 'custom_exception_handler'

The above exception was the direct cause of the following exception:

Traceback (most recent call last):
  File "D:\Area de Trabajo Django\metro-vacaciones-system\backend\venv\Lib\site-packages\rest_framework\settings.py", line 177, in import_from_string
    return import_string(val)
           ^^^^^^^^^^^^^^^^^^
  File "D:\Area de Trabajo Django\metro-vacaciones-system\backend\venv\Lib\site-packages\django\utils\module_loading.py", line 32, in import_string
    raise ImportError(
ImportError: Module "utils.exceptions" does not define a "custom_exception_handler" attribute/class

During handling of the above exception, another exception occurred:

Traceback (most recent call last):
  File "D:\Area de Trabajo Django\metro-vacaciones-system\backend\venv\Lib\site-packages\django\core\handlers\exception.py", line 55, in inner
    response = get_response(request)
               ^^^^^^^^^^^^^^^^^^^^^
  File "D:\Area de Trabajo Django\metro-vacaciones-system\backend\venv\Lib\site-packages\django\core\handlers\base.py", line 197, in _get_response
    response = wrapped_callback(request, *callback_args, **callback_kwargs)
               ^^^^^^^^^^^^^^^^^^^^^^^^^^^^^^^^^^^^^^^^^^^^^^^^^^^^^^^^^^^^
  File "D:\Area de Trabajo Django\metro-vacaciones-system\backend\venv\Lib\site-packages\django\views\decorators\csrf.py", line 56, in wrapper_view
    return view_func(*args, **kwargs)
           ^^^^^^^^^^^^^^^^^^^^^^^^^^
  File "D:\Area de Trabajo Django\metro-vacaciones-system\backend\venv\Lib\site-packages\django\views\generic\base.py", line 104, in view
    return self.dispatch(request, *args, **kwargs)
           ^^^^^^^^^^^^^^^^^^^^^^^^^^^^^^^^^^^^^^^
  File "D:\Area de Trabajo Django\metro-vacaciones-system\backend\venv\Lib\site-packages\rest_framework\views.py", line 509, in dispatch
    response = self.handle_exception(exc)
               ^^^^^^^^^^^^^^^^^^^^^^^^^^
  File "D:\Area de Trabajo Django\metro-vacaciones-system\backend\venv\Lib\site-packages\rest_framework\views.py", line 463, in handle_exception
    exception_handler = self.get_exception_handler()
                        ^^^^^^^^^^^^^^^^^^^^^^^^^^^^
  File "D:\Area de Trabajo Django\metro-vacaciones-system\backend\venv\Lib\site-packages\rest_framework\views.py", line 298, in get_exception_handler
    return self.settings.EXCEPTION_HANDLER
           ^^^^^^^^^^^^^^^^^^^^^^^^^^^^^^^
  File "D:\Area de Trabajo Django\metro-vacaciones-system\backend\venv\Lib\site-packages\rest_framework\settings.py", line 225, in __getattr__
    val = perform_import(val, attr)
          ^^^^^^^^^^^^^^^^^^^^^^^^^
  File "D:\Area de Trabajo Django\metro-vacaciones-system\backend\venv\Lib\site-packages\rest_framework\settings.py", line 166, in perform_import
    return import_from_string(val, setting_name)
           ^^^^^^^^^^^^^^^^^^^^^^^^^^^^^^^^^^^^^
  File "D:\Area de Trabajo Django\metro-vacaciones-system\backend\venv\Lib\site-packages\rest_framework\settings.py", line 180, in import_from_string
    raise ImportError(msg)
ImportError: Could not import 'utils.exceptions.custom_exception_handler' for API setting 'EXCEPTION_HANDLER'. ImportError: Module "utils.exceptions" does not define a "custom_exception_handler" attribute/class.
ERROR 2025-12-09 09:54:29,945 basehttp "POST /api/auth/login/ HTTP/1.1" 500 156641
ERROR 2025-12-09 09:55:27,222 log Internal Server Error: /api/auth/login/
Traceback (most recent call last):
  File "D:\Area de Trabajo Django\metro-vacaciones-system\backend\venv\Lib\site-packages\rest_framework\views.py", line 497, in dispatch
    self.initial(request, *args, **kwargs)
  File "D:\Area de Trabajo Django\metro-vacaciones-system\backend\venv\Lib\site-packages\rest_framework\views.py", line 414, in initial
    self.perform_authentication(request)
  File "D:\Area de Trabajo Django\metro-vacaciones-system\backend\venv\Lib\site-packages\rest_framework\views.py", line 324, in perform_authentication
    request.user
  File "D:\Area de Trabajo Django\metro-vacaciones-system\backend\venv\Lib\site-packages\rest_framework\request.py", line 227, in user
    self._authenticate()
  File "D:\Area de Trabajo Django\metro-vacaciones-system\backend\venv\Lib\site-packages\rest_framework\request.py", line 380, in _authenticate
    user_auth_tuple = authenticator.authenticate(self)
                      ^^^^^^^^^^^^^^^^^^^^^^^^^^^^^^^^
  File "D:\Area de Trabajo Django\metro-vacaciones-system\backend\venv\Lib\site-packages\rest_framework_simplejwt\authentication.py", line 49, in authenticate
    validated_token = self.get_validated_token(raw_token)
                      ^^^^^^^^^^^^^^^^^^^^^^^^^^^^^^^^^^^
  File "D:\Area de Trabajo Django\metro-vacaciones-system\backend\venv\Lib\site-packages\rest_framework_simplejwt\authentication.py", line 113, in get_validated_token
    raise InvalidToken(
rest_framework_simplejwt.exceptions.InvalidToken: {'detail': ErrorDetail(string='El token dado no es valido para ningun tipo de token', code='token_not_valid'), 'code': ErrorDetail(string='token_not_valid', code='token_not_valid'), 'messages': [{'token_class': ErrorDetail(string='AccessToken', code='token_not_valid'), 'token_type': ErrorDetail(string='access', code='token_not_valid'), 'message': ErrorDetail(string='Token is expired', code='token_not_valid')}]}

During handling of the above exception, another exception occurred:

Traceback (most recent call last):
  File "D:\Area de Trabajo Django\metro-vacaciones-system\backend\venv\Lib\site-packages\django\utils\module_loading.py", line 30, in import_string
    return cached_import(module_path, class_name)
           ^^^^^^^^^^^^^^^^^^^^^^^^^^^^^^^^^^^^^^
  File "D:\Area de Trabajo Django\metro-vacaciones-system\backend\venv\Lib\site-packages\django\utils\module_loading.py", line 16, in cached_import
    return getattr(module, class_name)
           ^^^^^^^^^^^^^^^^^^^^^^^^^^^
AttributeError: module 'utils.exceptions' has no attribute 'custom_exception_handler'

The above exception was the direct cause of the following exception:

Traceback (most recent call last):
  File "D:\Area de Trabajo Django\metro-vacaciones-system\backend\venv\Lib\site-packages\rest_framework\settings.py", line 177, in import_from_string
    return import_string(val)
           ^^^^^^^^^^^^^^^^^^
  File "D:\Area de Trabajo Django\metro-vacaciones-system\backend\venv\Lib\site-packages\django\utils\module_loading.py", line 32, in import_string
    raise ImportError(
ImportError: Module "utils.exceptions" does not define a "custom_exception_handler" attribute/class

During handling of the above exception, another exception occurred:

Traceback (most recent call last):
  File "D:\Area de Trabajo Django\metro-vacaciones-system\backend\venv\Lib\site-packages\django\core\handlers\exception.py", line 55, in inner
    response = get_response(request)
               ^^^^^^^^^^^^^^^^^^^^^
  File "D:\Area de Trabajo Django\metro-vacaciones-system\backend\venv\Lib\site-packages\django\core\handlers\base.py", line 197, in _get_response
    response = wrapped_callback(request, *callback_args, **callback_kwargs)
               ^^^^^^^^^^^^^^^^^^^^^^^^^^^^^^^^^^^^^^^^^^^^^^^^^^^^^^^^^^^^
  File "D:\Area de Trabajo Django\metro-vacaciones-system\backend\venv\Lib\site-packages\django\views\decorators\csrf.py", line 56, in wrapper_view
    return view_func(*args, **kwargs)
           ^^^^^^^^^^^^^^^^^^^^^^^^^^
  File "D:\Area de Trabajo Django\metro-vacaciones-system\backend\venv\Lib\site-packages\django\views\generic\base.py", line 104, in view
    return self.dispatch(request, *args, **kwargs)
           ^^^^^^^^^^^^^^^^^^^^^^^^^^^^^^^^^^^^^^^
  File "D:\Area de Trabajo Django\metro-vacaciones-system\backend\venv\Lib\site-packages\rest_framework\views.py", line 509, in dispatch
    response = self.handle_exception(exc)
               ^^^^^^^^^^^^^^^^^^^^^^^^^^
  File "D:\Area de Trabajo Django\metro-vacaciones-system\backend\venv\Lib\site-packages\rest_framework\views.py", line 463, in handle_exception
    exception_handler = self.get_exception_handler()
                        ^^^^^^^^^^^^^^^^^^^^^^^^^^^^
  File "D:\Area de Trabajo Django\metro-vacaciones-system\backend\venv\Lib\site-packages\rest_framework\views.py", line 298, in get_exception_handler
    return self.settings.EXCEPTION_HANDLER
           ^^^^^^^^^^^^^^^^^^^^^^^^^^^^^^^
  File "D:\Area de Trabajo Django\metro-vacaciones-system\backend\venv\Lib\site-packages\rest_framework\settings.py", line 225, in __getattr__
    val = perform_import(val, attr)
          ^^^^^^^^^^^^^^^^^^^^^^^^^
  File "D:\Area de Trabajo Django\metro-vacaciones-system\backend\venv\Lib\site-packages\rest_framework\settings.py", line 166, in perform_import
    return import_from_string(val, setting_name)
           ^^^^^^^^^^^^^^^^^^^^^^^^^^^^^^^^^^^^^
  File "D:\Area de Trabajo Django\metro-vacaciones-system\backend\venv\Lib\site-packages\rest_framework\settings.py", line 180, in import_from_string
    raise ImportError(msg)
ImportError: Could not import 'utils.exceptions.custom_exception_handler' for API setting 'EXCEPTION_HANDLER'. ImportError: Module "utils.exceptions" does not define a "custom_exception_handler" attribute/class.
ERROR 2025-12-09 09:55:53,861 basehttp "POST /api/auth/login/ HTTP/1.1" 500 156641
INFO 2025-12-09 09:58:14,644 autoreload D:\Area de Trabajo Django\metro-vacaciones-system\backend\utils\exceptions.py changed, reloading.
INFO 2025-12-09 09:58:21,072 autoreload Watching for file changes with StatReloader
WARNING 2025-12-09 09:58:40,129 log Unauthorized: /api/auth/login/
WARNING 2025-12-09 09:58:40,129 basehttp "POST /api/auth/login/ HTTP/1.1" 401 202
INFO 2025-12-09 09:58:40,129 basehttp "OPTIONS /api/auth/token/refresh/ HTTP/1.1" 200 0
INFO 2025-12-09 09:58:42,381 basehttp "POST /api/auth/token/refresh/ HTTP/1.1" 200 491
INFO 2025-12-09 09:58:45,035 basehttp "POST /api/auth/login/ HTTP/1.1" 200 723
INFO 2025-12-09 09:58:45,035 basehttp "OPTIONS /api/auth/update-access/ HTTP/1.1" 200 0
INFO 2025-12-09 09:58:47,169 basehttp "POST /api/auth/update-access/ HTTP/1.1" 200 40
INFO 2025-12-09 10:01:52,156 basehttp "POST /api/auth/login/ HTTP/1.1" 200 723
INFO 2025-12-09 10:01:54,325 basehttp "POST /api/auth/update-access/ HTTP/1.1" 200 40
INFO 2025-12-09 10:03:20,022 basehttp "POST /api/auth/login/ HTTP/1.1" 200 723
INFO 2025-12-09 10:03:22,290 basehttp "POST /api/auth/update-access/ HTTP/1.1" 200 40
INFO 2025-12-09 10:05:09,939 basehttp "POST /api/auth/login/ HTTP/1.1" 200 723
INFO 2025-12-09 10:05:12,572 basehttp "POST /api/auth/update-access/ HTTP/1.1" 200 40
INFO 2025-12-09 10:05:36,717 basehttp "POST /api/auth/login/ HTTP/1.1" 200 723
INFO 2025-12-09 10:05:39,099 basehttp "POST /api/auth/update-access/ HTTP/1.1" 200 40
WARNING 2025-12-09 10:05:49,642 log Bad Request: /api/auth/login/
WARNING 2025-12-09 10:05:49,642 basehttp "POST /api/auth/login/ HTTP/1.1" 400 73
INFO 2025-12-09 10:06:05,890 basehttp "POST /api/auth/login/ HTTP/1.1" 200 723
INFO 2025-12-09 10:06:07,976 basehttp "POST /api/auth/update-access/ HTTP/1.1" 200 40
INFO 2025-12-09 10:06:43,493 basehttp "POST /api/auth/login/ HTTP/1.1" 200 723
INFO 2025-12-09 10:06:45,628 basehttp "POST /api/auth/update-access/ HTTP/1.1" 200 40
INFO 2025-12-09 10:12:22,935 basehttp "POST /api/auth/login/ HTTP/1.1" 200 723
INFO 2025-12-09 10:12:25,086 basehttp "POST /api/auth/update-access/ HTTP/1.1" 200 40
INFO 2025-12-09 10:12:38,764 basehttp "POST /api/auth/login/ HTTP/1.1" 200 723
INFO 2025-12-09 10:12:40,883 basehttp "POST /api/auth/update-access/ HTTP/1.1" 200 40
INFO 2025-12-09 10:12:53,995 basehttp "POST /api/auth/login/ HTTP/1.1" 200 723
INFO 2025-12-09 10:12:56,080 basehttp "POST /api/auth/update-access/ HTTP/1.1" 200 40
INFO 2025-12-09 10:13:10,942 basehttp "POST /api/auth/login/ HTTP/1.1" 200 723
INFO 2025-12-09 10:13:13,128 basehttp "POST /api/auth/update-access/ HTTP/1.1" 200 40
INFO 2025-12-09 10:16:14,804 basehttp "POST /api/auth/login/ HTTP/1.1" 200 723
INFO 2025-12-09 10:16:17,056 basehttp "POST /api/auth/update-access/ HTTP/1.1" 200 40
INFO 2025-12-09 10:16:41,318 basehttp "POST /api/auth/login/ HTTP/1.1" 200 723
INFO 2025-12-09 10:16:43,404 basehttp "POST /api/auth/update-access/ HTTP/1.1" 200 40
INFO 2025-12-09 10:17:00,501 basehttp "POST /api/auth/login/ HTTP/1.1" 200 723
INFO 2025-12-09 10:17:02,620 basehttp "POST /api/auth/update-access/ HTTP/1.1" 200 40
INFO 2025-12-09 10:30:53,964 basehttp "POST /api/auth/login/ HTTP/1.1" 200 754
INFO 2025-12-09 10:30:56,217 basehttp "POST /api/auth/update-access/ HTTP/1.1" 200 40
INFO 2025-12-09 10:31:12,646 basehttp "POST /api/auth/login/ HTTP/1.1" 200 754
INFO 2025-12-09 10:31:14,798 basehttp "POST /api/auth/update-access/ HTTP/1.1" 200 40
INFO 2025-12-09 13:17:49,939 basehttp "OPTIONS /api/auth/login/ HTTP/1.1" 200 0
WARNING 2025-12-09 13:17:50,423 log Unauthorized: /api/auth/login/
WARNING 2025-12-09 13:17:50,423 basehttp "POST /api/auth/login/ HTTP/1.1" 401 202
INFO 2025-12-09 13:17:50,456 basehttp "OPTIONS /api/auth/token/refresh/ HTTP/1.1" 200 0
INFO 2025-12-09 13:17:53,880 basehttp "POST /api/auth/token/refresh/ HTTP/1.1" 200 491
INFO 2025-12-09 13:17:57,445 basehttp "POST /api/auth/login/ HTTP/1.1" 200 754
INFO 2025-12-09 13:17:57,464 basehttp "OPTIONS /api/auth/update-access/ HTTP/1.1" 200 0
INFO 2025-12-09 13:17:59,798 basehttp "POST /api/auth/update-access/ HTTP/1.1" 200 40
INFO 2025-12-09 13:23:01,867 basehttp "POST /api/auth/login/ HTTP/1.1" 200 754
INFO 2025-12-09 13:23:04,194 basehttp "POST /api/auth/update-access/ HTTP/1.1" 200 40
INFO 2025-12-10 08:35:16,683 autoreload Watching for file changes with StatReloader
INFO 2025-12-11 14:45:29,942 autoreload D:\Area de Trabajo Django\metro-vacaciones-system\backend\apps\areas\models.py changed, reloading.
